{"C:\\Users\\maxio\\Downloads\\+Programacion\\NODE.js\\PROYECTOS\\02-Control-Gastos-Personal-v2\\backend\\src\\index.js": {"path":"C:\\Users\\maxio\\Downloads\\+Programacion\\NODE.js\\PROYECTOS\\02-Control-Gastos-Personal-v2\\backend\\src\\index.js","statementMap":{"0":{"start":{"line":1,"column":0},"end":{"line":1,"column":27}},"1":{"start":{"line":2,"column":16},"end":{"line":2,"column":34}},"2":{"start":{"line":3,"column":12},"end":{"line":3,"column":21}},"3":{"start":{"line":4,"column":13},"end":{"line":4,"column":28}},"4":{"start":{"line":5,"column":13},"end":{"line":5,"column":28}},"5":{"start":{"line":6,"column":20},"end":{"line":6,"column":51}},"6":{"start":{"line":7,"column":19},"end":{"line":7,"column":52}},"7":{"start":{"line":8,"column":21},"end":{"line":8,"column":57}},"8":{"start":{"line":9,"column":18},"end":{"line":9,"column":51}},"9":{"start":{"line":10,"column":21},"end":{"line":10,"column":45}},"10":{"start":{"line":11,"column":20},"end":{"line":11,"column":55}},"11":{"start":{"line":12,"column":17},"end":{"line":12,"column":36}},"12":{"start":{"line":13,"column":40},"end":{"line":13,"column":66}},"13":{"start":{"line":14,"column":19},"end":{"line":14,"column":43}},"14":{"start":{"line":15,"column":13},"end":{"line":15,"column":37}},"15":{"start":{"line":21,"column":0},"end":{"line":21,"column":19}},"16":{"start":{"line":31,"column":0},"end":{"line":31,"column":27}},"17":{"start":{"line":34,"column":0},"end":{"line":34,"column":49}},"18":{"start":{"line":37,"column":0},"end":{"line":37,"column":24}},"19":{"start":{"line":42,"column":0},"end":{"line":42,"column":62}},"20":{"start":{"line":45,"column":0},"end":{"line":45,"column":39}},"21":{"start":{"line":47,"column":0},"end":{"line":47,"column":20}},"22":{"start":{"line":48,"column":0},"end":{"line":48,"column":58}},"23":{"start":{"line":49,"column":0},"end":{"line":49,"column":52}},"24":{"start":{"line":50,"column":0},"end":{"line":50,"column":52}},"25":{"start":{"line":51,"column":0},"end":{"line":51,"column":61}},"26":{"start":{"line":52,"column":0},"end":{"line":52,"column":61}},"27":{"start":{"line":53,"column":0},"end":{"line":53,"column":52}},"28":{"start":{"line":57,"column":0},"end":{"line":66,"column":3}},"29":{"start":{"line":58,"column":2},"end":{"line":58,"column":18}},"30":{"start":{"line":59,"column":2},"end":{"line":65,"column":3}},"31":{"start":{"line":60,"column":4},"end":{"line":60,"column":60}},"32":{"start":{"line":61,"column":9},"end":{"line":65,"column":3}},"33":{"start":{"line":62,"column":4},"end":{"line":62,"column":41}},"34":{"start":{"line":64,"column":4},"end":{"line":64,"column":42}},"35":{"start":{"line":68,"column":0},"end":{"line":68,"column":22}},"36":{"start":{"line":75,"column":15},"end":{"line":77,"column":1}},"37":{"start":{"line":76,"column":2},"end":{"line":76,"column":47}},"38":{"start":{"line":91,"column":0},"end":{"line":91,"column":33}}},"fnMap":{"0":{"name":"(anonymous_0)","decl":{"start":{"line":57,"column":13},"end":{"line":57,"column":14}},"loc":{"start":{"line":57,"column":27},"end":{"line":66,"column":1}},"line":57},"1":{"name":"(anonymous_1)","decl":{"start":{"line":75,"column":32},"end":{"line":75,"column":33}},"loc":{"start":{"line":76,"column":2},"end":{"line":76,"column":47}},"line":76}},"branchMap":{"0":{"loc":{"start":{"line":15,"column":13},"end":{"line":15,"column":37}},"type":"binary-expr","locations":[{"start":{"line":15,"column":13},"end":{"line":15,"column":29}},{"start":{"line":15,"column":33},"end":{"line":15,"column":37}}],"line":15},"1":{"loc":{"start":{"line":59,"column":2},"end":{"line":65,"column":3}},"type":"if","locations":[{"start":{"line":59,"column":2},"end":{"line":65,"column":3}},{"start":{"line":61,"column":9},"end":{"line":65,"column":3}}],"line":59},"2":{"loc":{"start":{"line":61,"column":9},"end":{"line":65,"column":3}},"type":"if","locations":[{"start":{"line":61,"column":9},"end":{"line":65,"column":3}},{"start":{"line":63,"column":9},"end":{"line":65,"column":3}}],"line":61}},"s":{"0":1,"1":1,"2":1,"3":1,"4":1,"5":1,"6":1,"7":1,"8":1,"9":1,"10":1,"11":1,"12":1,"13":1,"14":1,"15":1,"16":1,"17":1,"18":1,"19":1,"20":1,"21":1,"22":1,"23":1,"24":1,"25":1,"26":1,"27":1,"28":1,"29":0,"30":0,"31":0,"32":0,"33":0,"34":0,"35":1,"36":1,"37":1,"38":1},"f":{"0":0,"1":1},"b":{"0":[1,0],"1":[0,0],"2":[0,0]},"_coverageSchema":"1a1c01bbd47fc00a2c39e90264f33305004495a9","hash":"95c8aef5d55bacd9a037a30655207d23006909c7"}
,"C:\\Users\\maxio\\Downloads\\+Programacion\\NODE.js\\PROYECTOS\\02-Control-Gastos-Personal-v2\\backend\\src\\config\\allowedOrigins.js": {"path":"C:\\Users\\maxio\\Downloads\\+Programacion\\NODE.js\\PROYECTOS\\02-Control-Gastos-Personal-v2\\backend\\src\\config\\allowedOrigins.js","statementMap":{"0":{"start":{"line":1,"column":23},"end":{"line":3,"column":1}},"1":{"start":{"line":5,"column":0},"end":{"line":5,"column":32}}},"fnMap":{},"branchMap":{},"s":{"0":1,"1":1},"f":{},"b":{},"_coverageSchema":"1a1c01bbd47fc00a2c39e90264f33305004495a9","hash":"0a06f55c3fd8009236a223b3592ca130d8658f26"}
,"C:\\Users\\maxio\\Downloads\\+Programacion\\NODE.js\\PROYECTOS\\02-Control-Gastos-Personal-v2\\backend\\src\\config\\corsOptions.js": {"path":"C:\\Users\\maxio\\Downloads\\+Programacion\\NODE.js\\PROYECTOS\\02-Control-Gastos-Personal-v2\\backend\\src\\config\\corsOptions.js","statementMap":{"0":{"start":{"line":1,"column":23},"end":{"line":1,"column":50}},"1":{"start":{"line":3,"column":20},"end":{"line":12,"column":1}},"2":{"start":{"line":5,"column":8},"end":{"line":9,"column":9}},"3":{"start":{"line":6,"column":12},"end":{"line":6,"column":32}},"4":{"start":{"line":8,"column":12},"end":{"line":8,"column":55}},"5":{"start":{"line":14,"column":0},"end":{"line":14,"column":29}}},"fnMap":{"0":{"name":"(anonymous_0)","decl":{"start":{"line":4,"column":12},"end":{"line":4,"column":13}},"loc":{"start":{"line":4,"column":34},"end":{"line":10,"column":5}},"line":4}},"branchMap":{"0":{"loc":{"start":{"line":5,"column":8},"end":{"line":9,"column":9}},"type":"if","locations":[{"start":{"line":5,"column":8},"end":{"line":9,"column":9}},{"start":{"line":7,"column":15},"end":{"line":9,"column":9}}],"line":5},"1":{"loc":{"start":{"line":5,"column":12},"end":{"line":5,"column":60}},"type":"binary-expr","locations":[{"start":{"line":5,"column":12},"end":{"line":5,"column":49}},{"start":{"line":5,"column":53},"end":{"line":5,"column":60}}],"line":5}},"s":{"0":1,"1":1,"2":37,"3":37,"4":0,"5":1},"f":{"0":37},"b":{"0":[37,0],"1":[37,37]},"_coverageSchema":"1a1c01bbd47fc00a2c39e90264f33305004495a9","hash":"4b0bdb402111475f84b4c89c554b521df53108fc"}
,"C:\\Users\\maxio\\Downloads\\+Programacion\\NODE.js\\PROYECTOS\\02-Control-Gastos-Personal-v2\\backend\\src\\config\\dbConn.js": {"path":"C:\\Users\\maxio\\Downloads\\+Programacion\\NODE.js\\PROYECTOS\\02-Control-Gastos-Personal-v2\\backend\\src\\config\\dbConn.js","statementMap":{"0":{"start":{"line":1,"column":17},"end":{"line":1,"column":36}},"1":{"start":{"line":6,"column":2},"end":{"line":6,"column":111}},"2":{"start":{"line":8,"column":2},"end":{"line":8,"column":102}},"3":{"start":{"line":10,"column":18},"end":{"line":20,"column":1}},"4":{"start":{"line":11,"column":2},"end":{"line":19,"column":3}},"5":{"start":{"line":13,"column":4},"end":{"line":16,"column":7}},"6":{"start":{"line":18,"column":4},"end":{"line":18,"column":23}},"7":{"start":{"line":22,"column":25},"end":{"line":31,"column":1}},"8":{"start":{"line":23,"column":2},"end":{"line":30,"column":3}},"9":{"start":{"line":24,"column":4},"end":{"line":27,"column":7}},"10":{"start":{"line":29,"column":4},"end":{"line":29,"column":23}},"11":{"start":{"line":33,"column":0},"end":{"line":33,"column":49}}},"fnMap":{"0":{"name":"(anonymous_0)","decl":{"start":{"line":10,"column":18},"end":{"line":10,"column":19}},"loc":{"start":{"line":10,"column":30},"end":{"line":20,"column":1}},"line":10},"1":{"name":"(anonymous_1)","decl":{"start":{"line":22,"column":25},"end":{"line":22,"column":26}},"loc":{"start":{"line":22,"column":37},"end":{"line":31,"column":1}},"line":22}},"branchMap":{},"s":{"0":1,"1":1,"2":1,"3":1,"4":0,"5":0,"6":0,"7":1,"8":1,"9":1,"10":0,"11":1},"f":{"0":0,"1":1},"b":{},"_coverageSchema":"1a1c01bbd47fc00a2c39e90264f33305004495a9","hash":"80105458d7958a5899650b5c5e7cd7aba37b5f1e"}
,"C:\\Users\\maxio\\Downloads\\+Programacion\\NODE.js\\PROYECTOS\\02-Control-Gastos-Personal-v2\\backend\\src\\controllers\\authController.js": {"path":"C:\\Users\\maxio\\Downloads\\+Programacion\\NODE.js\\PROYECTOS\\02-Control-Gastos-Personal-v2\\backend\\src\\controllers\\authController.js","statementMap":{"0":{"start":{"line":1,"column":17},"end":{"line":1,"column":41}},"1":{"start":{"line":2,"column":15},"end":{"line":2,"column":32}},"2":{"start":{"line":3,"column":12},"end":{"line":3,"column":35}},"3":{"start":{"line":6,"column":15},"end":{"line":33,"column":1}},"4":{"start":{"line":7,"column":2},"end":{"line":32,"column":3}},"5":{"start":{"line":8,"column":55},"end":{"line":8,"column":63}},"6":{"start":{"line":10,"column":25},"end":{"line":10,"column":54}},"7":{"start":{"line":11,"column":4},"end":{"line":15,"column":5}},"8":{"start":{"line":12,"column":6},"end":{"line":14,"column":63}},"9":{"start":{"line":17,"column":4},"end":{"line":19,"column":5}},"10":{"start":{"line":18,"column":6},"end":{"line":18,"column":75}},"11":{"start":{"line":21,"column":25},"end":{"line":21,"column":55}},"12":{"start":{"line":23,"column":15},"end":{"line":27,"column":6}},"13":{"start":{"line":28,"column":4},"end":{"line":28,"column":29}},"14":{"start":{"line":29,"column":4},"end":{"line":29,"column":19}},"15":{"start":{"line":31,"column":4},"end":{"line":31,"column":47}},"16":{"start":{"line":36,"column":15},"end":{"line":57,"column":1}},"17":{"start":{"line":37,"column":2},"end":{"line":56,"column":3}},"18":{"start":{"line":38,"column":32},"end":{"line":38,"column":40}},"19":{"start":{"line":40,"column":25},"end":{"line":40,"column":54}},"20":{"start":{"line":41,"column":4},"end":{"line":45,"column":5}},"21":{"start":{"line":42,"column":6},"end":{"line":44,"column":63}},"22":{"start":{"line":47,"column":20},"end":{"line":47,"column":73}},"23":{"start":{"line":48,"column":4},"end":{"line":50,"column":5}},"24":{"start":{"line":49,"column":6},"end":{"line":49,"column":66}},"25":{"start":{"line":52,"column":18},"end":{"line":52,"column":67}},"26":{"start":{"line":53,"column":4},"end":{"line":53,"column":58}},"27":{"start":{"line":55,"column":4},"end":{"line":55,"column":47}},"28":{"start":{"line":60,"column":21},"end":{"line":75,"column":1}},"29":{"start":{"line":61,"column":2},"end":{"line":74,"column":3}},"30":{"start":{"line":62,"column":18},"end":{"line":62,"column":44}},"31":{"start":{"line":63,"column":4},"end":{"line":63,"column":39}},"32":{"start":{"line":63,"column":16},"end":{"line":63,"column":39}},"33":{"start":{"line":65,"column":21},"end":{"line":65,"column":53}},"34":{"start":{"line":66,"column":4},"end":{"line":66,"column":42}},"35":{"start":{"line":66,"column":19},"end":{"line":66,"column":42}},"36":{"start":{"line":68,"column":17},"end":{"line":68,"column":49}},"37":{"start":{"line":69,"column":4},"end":{"line":69,"column":38}},"38":{"start":{"line":69,"column":15},"end":{"line":69,"column":38}},"39":{"start":{"line":71,"column":4},"end":{"line":71,"column":19}},"40":{"start":{"line":73,"column":4},"end":{"line":73,"column":47}},"41":{"start":{"line":78,"column":20},"end":{"line":81,"column":1}},"42":{"start":{"line":79,"column":15},"end":{"line":79,"column":44}},"43":{"start":{"line":80,"column":2},"end":{"line":80,"column":47}},"44":{"start":{"line":84,"column":0},"end":{"line":84,"column":63}}},"fnMap":{"0":{"name":"(anonymous_0)","decl":{"start":{"line":6,"column":15},"end":{"line":6,"column":16}},"loc":{"start":{"line":6,"column":35},"end":{"line":33,"column":1}},"line":6},"1":{"name":"(anonymous_1)","decl":{"start":{"line":36,"column":15},"end":{"line":36,"column":16}},"loc":{"start":{"line":36,"column":35},"end":{"line":57,"column":1}},"line":36},"2":{"name":"(anonymous_2)","decl":{"start":{"line":60,"column":21},"end":{"line":60,"column":22}},"loc":{"start":{"line":60,"column":41},"end":{"line":75,"column":1}},"line":60},"3":{"name":"(anonymous_3)","decl":{"start":{"line":78,"column":20},"end":{"line":78,"column":21}},"loc":{"start":{"line":78,"column":40},"end":{"line":81,"column":1}},"line":78}},"branchMap":{"0":{"loc":{"start":{"line":11,"column":4},"end":{"line":15,"column":5}},"type":"if","locations":[{"start":{"line":11,"column":4},"end":{"line":15,"column":5}},{"start":{},"end":{}}],"line":11},"1":{"loc":{"start":{"line":17,"column":4},"end":{"line":19,"column":5}},"type":"if","locations":[{"start":{"line":17,"column":4},"end":{"line":19,"column":5}},{"start":{},"end":{}}],"line":17},"2":{"loc":{"start":{"line":41,"column":4},"end":{"line":45,"column":5}},"type":"if","locations":[{"start":{"line":41,"column":4},"end":{"line":45,"column":5}},{"start":{},"end":{}}],"line":41},"3":{"loc":{"start":{"line":48,"column":4},"end":{"line":50,"column":5}},"type":"if","locations":[{"start":{"line":48,"column":4},"end":{"line":50,"column":5}},{"start":{},"end":{}}],"line":48},"4":{"loc":{"start":{"line":63,"column":4},"end":{"line":63,"column":39}},"type":"if","locations":[{"start":{"line":63,"column":4},"end":{"line":63,"column":39}},{"start":{},"end":{}}],"line":63},"5":{"loc":{"start":{"line":66,"column":4},"end":{"line":66,"column":42}},"type":"if","locations":[{"start":{"line":66,"column":4},"end":{"line":66,"column":42}},{"start":{},"end":{}}],"line":66},"6":{"loc":{"start":{"line":69,"column":4},"end":{"line":69,"column":38}},"type":"if","locations":[{"start":{"line":69,"column":4},"end":{"line":69,"column":38}},{"start":{},"end":{}}],"line":69}},"s":{"0":1,"1":1,"2":1,"3":1,"4":0,"5":0,"6":0,"7":0,"8":0,"9":0,"10":0,"11":0,"12":0,"13":0,"14":0,"15":0,"16":1,"17":0,"18":0,"19":0,"20":0,"21":0,"22":0,"23":0,"24":0,"25":0,"26":0,"27":0,"28":1,"29":0,"30":0,"31":0,"32":0,"33":0,"34":0,"35":0,"36":0,"37":0,"38":0,"39":0,"40":0,"41":1,"42":0,"43":0,"44":1},"f":{"0":0,"1":0,"2":0,"3":0},"b":{"0":[0,0],"1":[0,0],"2":[0,0],"3":[0,0],"4":[0,0],"5":[0,0],"6":[0,0]},"_coverageSchema":"1a1c01bbd47fc00a2c39e90264f33305004495a9","hash":"49430a94a1797c10a8fd1c7790fc5053bd17563d"}
,"C:\\Users\\maxio\\Downloads\\+Programacion\\NODE.js\\PROYECTOS\\02-Control-Gastos-Personal-v2\\backend\\src\\controllers\\categoryController.js": {"path":"C:\\Users\\maxio\\Downloads\\+Programacion\\NODE.js\\PROYECTOS\\02-Control-Gastos-Personal-v2\\backend\\src\\controllers\\categoryController.js","statementMap":{"0":{"start":{"line":1,"column":19},"end":{"line":1,"column":47}},"1":{"start":{"line":9,"column":20},"end":{"line":38,"column":1}},"2":{"start":{"line":10,"column":2},"end":{"line":37,"column":3}},"3":{"start":{"line":12,"column":21},"end":{"line":12,"column":29}},"4":{"start":{"line":14,"column":4},"end":{"line":16,"column":5}},"5":{"start":{"line":15,"column":6},"end":{"line":15,"column":72}},"6":{"start":{"line":19,"column":27},"end":{"line":22,"column":6}},"7":{"start":{"line":23,"column":4},"end":{"line":25,"column":5}},"8":{"start":{"line":24,"column":6},"end":{"line":24,"column":79}},"9":{"start":{"line":28,"column":22},"end":{"line":31,"column":6}},"10":{"start":{"line":32,"column":4},"end":{"line":32,"column":37}},"11":{"start":{"line":34,"column":4},"end":{"line":34,"column":38}},"12":{"start":{"line":36,"column":4},"end":{"line":36,"column":53}},"13":{"start":{"line":45,"column":25},"end":{"line":53,"column":1}},"14":{"start":{"line":46,"column":2},"end":{"line":52,"column":3}},"15":{"start":{"line":48,"column":23},"end":{"line":48,"column":62}},"16":{"start":{"line":49,"column":4},"end":{"line":49,"column":37}},"17":{"start":{"line":51,"column":4},"end":{"line":51,"column":53}},"18":{"start":{"line":55,"column":0},"end":{"line":58,"column":2}}},"fnMap":{"0":{"name":"(anonymous_0)","decl":{"start":{"line":9,"column":20},"end":{"line":9,"column":21}},"loc":{"start":{"line":9,"column":40},"end":{"line":38,"column":1}},"line":9},"1":{"name":"(anonymous_1)","decl":{"start":{"line":45,"column":25},"end":{"line":45,"column":26}},"loc":{"start":{"line":45,"column":45},"end":{"line":53,"column":1}},"line":45}},"branchMap":{"0":{"loc":{"start":{"line":14,"column":4},"end":{"line":16,"column":5}},"type":"if","locations":[{"start":{"line":14,"column":4},"end":{"line":16,"column":5}},{"start":{},"end":{}}],"line":14},"1":{"loc":{"start":{"line":23,"column":4},"end":{"line":25,"column":5}},"type":"if","locations":[{"start":{"line":23,"column":4},"end":{"line":25,"column":5}},{"start":{},"end":{}}],"line":23}},"s":{"0":1,"1":1,"2":0,"3":0,"4":0,"5":0,"6":0,"7":0,"8":0,"9":0,"10":0,"11":0,"12":0,"13":1,"14":0,"15":0,"16":0,"17":0,"18":1},"f":{"0":0,"1":0},"b":{"0":[0,0],"1":[0,0]},"_coverageSchema":"1a1c01bbd47fc00a2c39e90264f33305004495a9","hash":"ed45c42e78780526888f2d87b78783d86120a65d"}
,"C:\\Users\\maxio\\Downloads\\+Programacion\\NODE.js\\PROYECTOS\\02-Control-Gastos-Personal-v2\\backend\\src\\controllers\\namePaymentController.js": {"path":"C:\\Users\\maxio\\Downloads\\+Programacion\\NODE.js\\PROYECTOS\\02-Control-Gastos-Personal-v2\\backend\\src\\controllers\\namePaymentController.js","statementMap":{"0":{"start":{"line":1,"column":30},"end":{"line":1,"column":49}},"1":{"start":{"line":2,"column":19},"end":{"line":2,"column":47}},"2":{"start":{"line":3,"column":17},"end":{"line":3,"column":48}},"3":{"start":{"line":4,"column":28},"end":{"line":4,"column":59}},"4":{"start":{"line":5,"column":21},"end":{"line":5,"column":49}},"5":{"start":{"line":13,"column":16},"end":{"line":85,"column":1}},"6":{"start":{"line":14,"column":2},"end":{"line":84,"column":3}},"7":{"start":{"line":16,"column":47},"end":{"line":16,"column":55}},"8":{"start":{"line":19,"column":23},"end":{"line":23,"column":6}},"9":{"start":{"line":24,"column":4},"end":{"line":28,"column":5}},"10":{"start":{"line":25,"column":6},"end":{"line":27,"column":68}},"11":{"start":{"line":31,"column":27},"end":{"line":35,"column":6}},"12":{"start":{"line":36,"column":4},"end":{"line":38,"column":5}},"13":{"start":{"line":37,"column":6},"end":{"line":37,"column":78}},"14":{"start":{"line":41,"column":4},"end":{"line":45,"column":5}},"15":{"start":{"line":42,"column":6},"end":{"line":44,"column":73}},"16":{"start":{"line":48,"column":17},"end":{"line":48,"column":43}},"17":{"start":{"line":49,"column":4},"end":{"line":53,"column":5}},"18":{"start":{"line":50,"column":6},"end":{"line":52,"column":63}},"19":{"start":{"line":56,"column":4},"end":{"line":67,"column":5}},"20":{"start":{"line":57,"column":29},"end":{"line":61,"column":8}},"21":{"start":{"line":62,"column":6},"end":{"line":66,"column":7}},"22":{"start":{"line":63,"column":8},"end":{"line":65,"column":75}},"23":{"start":{"line":70,"column":18},"end":{"line":75,"column":6}},"24":{"start":{"line":78,"column":4},"end":{"line":78,"column":35}},"25":{"start":{"line":81,"column":4},"end":{"line":81,"column":34}},"26":{"start":{"line":83,"column":4},"end":{"line":83,"column":53}},"27":{"start":{"line":93,"column":16},"end":{"line":127,"column":1}},"28":{"start":{"line":94,"column":2},"end":{"line":126,"column":3}},"29":{"start":{"line":96,"column":19},"end":{"line":96,"column":29}},"30":{"start":{"line":98,"column":17},"end":{"line":122,"column":6}},"31":{"start":{"line":123,"column":4},"end":{"line":123,"column":31}},"32":{"start":{"line":125,"column":4},"end":{"line":125,"column":53}},"33":{"start":{"line":135,"column":20},"end":{"line":160,"column":1}},"34":{"start":{"line":136,"column":2},"end":{"line":159,"column":3}},"35":{"start":{"line":137,"column":18},"end":{"line":155,"column":6}},"36":{"start":{"line":156,"column":4},"end":{"line":156,"column":32}},"37":{"start":{"line":158,"column":4},"end":{"line":158,"column":53}},"38":{"start":{"line":168,"column":17},"end":{"line":227,"column":1}},"39":{"start":{"line":169,"column":2},"end":{"line":226,"column":3}},"40":{"start":{"line":171,"column":45},"end":{"line":171,"column":53}},"41":{"start":{"line":172,"column":19},"end":{"line":172,"column":29}},"42":{"start":{"line":175,"column":21},"end":{"line":179,"column":6}},"43":{"start":{"line":180,"column":4},"end":{"line":182,"column":5}},"44":{"start":{"line":181,"column":6},"end":{"line":181,"column":75}},"45":{"start":{"line":185,"column":27},"end":{"line":189,"column":6}},"46":{"start":{"line":190,"column":4},"end":{"line":192,"column":5}},"47":{"start":{"line":191,"column":6},"end":{"line":191,"column":79}},"48":{"start":{"line":195,"column":4},"end":{"line":199,"column":5}},"49":{"start":{"line":196,"column":6},"end":{"line":198,"column":73}},"50":{"start":{"line":202,"column":4},"end":{"line":213,"column":5}},"51":{"start":{"line":203,"column":29},"end":{"line":207,"column":8}},"52":{"start":{"line":208,"column":6},"end":{"line":212,"column":7}},"53":{"start":{"line":209,"column":8},"end":{"line":211,"column":75}},"54":{"start":{"line":216,"column":4},"end":{"line":216,"column":27}},"55":{"start":{"line":217,"column":4},"end":{"line":217,"column":35}},"56":{"start":{"line":218,"column":4},"end":{"line":218,"column":43}},"57":{"start":{"line":221,"column":4},"end":{"line":221,"column":28}},"58":{"start":{"line":223,"column":4},"end":{"line":223,"column":68}},"59":{"start":{"line":225,"column":4},"end":{"line":225,"column":53}},"60":{"start":{"line":235,"column":20},"end":{"line":263,"column":1}},"61":{"start":{"line":236,"column":2},"end":{"line":262,"column":3}},"62":{"start":{"line":238,"column":19},"end":{"line":238,"column":29}},"63":{"start":{"line":241,"column":21},"end":{"line":245,"column":6}},"64":{"start":{"line":246,"column":4},"end":{"line":250,"column":5}},"65":{"start":{"line":247,"column":6},"end":{"line":249,"column":77}},"66":{"start":{"line":253,"column":4},"end":{"line":253,"column":32}},"67":{"start":{"line":256,"column":4},"end":{"line":256,"column":28}},"68":{"start":{"line":259,"column":4},"end":{"line":259,"column":73}},"69":{"start":{"line":261,"column":4},"end":{"line":261,"column":53}},"70":{"start":{"line":265,"column":0},"end":{"line":271,"column":2}}},"fnMap":{"0":{"name":"(anonymous_0)","decl":{"start":{"line":13,"column":16},"end":{"line":13,"column":17}},"loc":{"start":{"line":13,"column":36},"end":{"line":85,"column":1}},"line":13},"1":{"name":"(anonymous_1)","decl":{"start":{"line":93,"column":16},"end":{"line":93,"column":17}},"loc":{"start":{"line":93,"column":36},"end":{"line":127,"column":1}},"line":93},"2":{"name":"(anonymous_2)","decl":{"start":{"line":135,"column":20},"end":{"line":135,"column":21}},"loc":{"start":{"line":135,"column":40},"end":{"line":160,"column":1}},"line":135},"3":{"name":"(anonymous_3)","decl":{"start":{"line":168,"column":17},"end":{"line":168,"column":18}},"loc":{"start":{"line":168,"column":37},"end":{"line":227,"column":1}},"line":168},"4":{"name":"(anonymous_4)","decl":{"start":{"line":235,"column":20},"end":{"line":235,"column":21}},"loc":{"start":{"line":235,"column":40},"end":{"line":263,"column":1}},"line":235}},"branchMap":{"0":{"loc":{"start":{"line":24,"column":4},"end":{"line":28,"column":5}},"type":"if","locations":[{"start":{"line":24,"column":4},"end":{"line":28,"column":5}},{"start":{},"end":{}}],"line":24},"1":{"loc":{"start":{"line":36,"column":4},"end":{"line":38,"column":5}},"type":"if","locations":[{"start":{"line":36,"column":4},"end":{"line":38,"column":5}},{"start":{},"end":{}}],"line":36},"2":{"loc":{"start":{"line":41,"column":4},"end":{"line":45,"column":5}},"type":"if","locations":[{"start":{"line":41,"column":4},"end":{"line":45,"column":5}},{"start":{},"end":{}}],"line":41},"3":{"loc":{"start":{"line":49,"column":4},"end":{"line":53,"column":5}},"type":"if","locations":[{"start":{"line":49,"column":4},"end":{"line":53,"column":5}},{"start":{},"end":{}}],"line":49},"4":{"loc":{"start":{"line":62,"column":6},"end":{"line":66,"column":7}},"type":"if","locations":[{"start":{"line":62,"column":6},"end":{"line":66,"column":7}},{"start":{},"end":{}}],"line":62},"5":{"loc":{"start":{"line":180,"column":4},"end":{"line":182,"column":5}},"type":"if","locations":[{"start":{"line":180,"column":4},"end":{"line":182,"column":5}},{"start":{},"end":{}}],"line":180},"6":{"loc":{"start":{"line":190,"column":4},"end":{"line":192,"column":5}},"type":"if","locations":[{"start":{"line":190,"column":4},"end":{"line":192,"column":5}},{"start":{},"end":{}}],"line":190},"7":{"loc":{"start":{"line":195,"column":4},"end":{"line":199,"column":5}},"type":"if","locations":[{"start":{"line":195,"column":4},"end":{"line":199,"column":5}},{"start":{},"end":{}}],"line":195},"8":{"loc":{"start":{"line":208,"column":6},"end":{"line":212,"column":7}},"type":"if","locations":[{"start":{"line":208,"column":6},"end":{"line":212,"column":7}},{"start":{},"end":{}}],"line":208},"9":{"loc":{"start":{"line":246,"column":4},"end":{"line":250,"column":5}},"type":"if","locations":[{"start":{"line":246,"column":4},"end":{"line":250,"column":5}},{"start":{},"end":{}}],"line":246}},"s":{"0":1,"1":1,"2":1,"3":1,"4":1,"5":1,"6":16,"7":16,"8":16,"9":16,"10":1,"11":15,"12":15,"13":1,"14":14,"15":1,"16":13,"17":13,"18":1,"19":12,"20":13,"21":13,"22":1,"23":11,"24":11,"25":10,"26":1,"27":1,"28":2,"29":2,"30":2,"31":1,"32":1,"33":1,"34":8,"35":8,"36":8,"37":0,"38":1,"39":6,"40":6,"41":6,"42":6,"43":5,"44":1,"45":4,"46":4,"47":1,"48":3,"49":1,"50":2,"51":2,"52":2,"53":1,"54":1,"55":1,"56":1,"57":1,"58":1,"59":1,"60":1,"61":5,"62":5,"63":5,"64":4,"65":2,"66":2,"67":2,"68":2,"69":1,"70":1},"f":{"0":16,"1":2,"2":8,"3":6,"4":5},"b":{"0":[1,15],"1":[1,14],"2":[1,13],"3":[1,12],"4":[1,12],"5":[1,4],"6":[1,3],"7":[1,2],"8":[1,1],"9":[2,2]},"_coverageSchema":"1a1c01bbd47fc00a2c39e90264f33305004495a9","hash":"e535f92dfe112a18e9bc633da4d24aa6036de5c1"}
,"C:\\Users\\maxio\\Downloads\\+Programacion\\NODE.js\\PROYECTOS\\02-Control-Gastos-Personal-v2\\backend\\src\\controllers\\taskCodeController.js": {"path":"C:\\Users\\maxio\\Downloads\\+Programacion\\NODE.js\\PROYECTOS\\02-Control-Gastos-Personal-v2\\backend\\src\\controllers\\taskCodeController.js","statementMap":{"0":{"start":{"line":1,"column":21},"end":{"line":1,"column":49}},"1":{"start":{"line":8,"column":24},"end":{"line":15,"column":1}},"2":{"start":{"line":9,"column":2},"end":{"line":14,"column":3}},"3":{"start":{"line":10,"column":18},"end":{"line":10,"column":73}},"4":{"start":{"line":11,"column":4},"end":{"line":11,"column":32}},"5":{"start":{"line":13,"column":4},"end":{"line":13,"column":53}},"6":{"start":{"line":22,"column":23},"end":{"line":56,"column":1}},"7":{"start":{"line":23,"column":2},"end":{"line":55,"column":3}},"8":{"start":{"line":24,"column":27},"end":{"line":24,"column":35}},"9":{"start":{"line":26,"column":17},"end":{"line":26,"column":18}},"10":{"start":{"line":27,"column":25},"end":{"line":27,"column":46}},"11":{"start":{"line":28,"column":4},"end":{"line":30,"column":5}},"12":{"start":{"line":29,"column":6},"end":{"line":29,"column":64}},"13":{"start":{"line":32,"column":27},"end":{"line":36,"column":6}},"14":{"start":{"line":37,"column":4},"end":{"line":41,"column":5}},"15":{"start":{"line":38,"column":6},"end":{"line":40,"column":66}},"16":{"start":{"line":43,"column":22},"end":{"line":48,"column":6}},"17":{"start":{"line":50,"column":4},"end":{"line":50,"column":43}},"18":{"start":{"line":52,"column":4},"end":{"line":52,"column":38}},"19":{"start":{"line":54,"column":4},"end":{"line":54,"column":53}},"20":{"start":{"line":58,"column":0},"end":{"line":61,"column":2}}},"fnMap":{"0":{"name":"(anonymous_0)","decl":{"start":{"line":8,"column":24},"end":{"line":8,"column":25}},"loc":{"start":{"line":8,"column":44},"end":{"line":15,"column":1}},"line":8},"1":{"name":"(anonymous_1)","decl":{"start":{"line":22,"column":23},"end":{"line":22,"column":24}},"loc":{"start":{"line":22,"column":43},"end":{"line":56,"column":1}},"line":22}},"branchMap":{"0":{"loc":{"start":{"line":28,"column":4},"end":{"line":30,"column":5}},"type":"if","locations":[{"start":{"line":28,"column":4},"end":{"line":30,"column":5}},{"start":{},"end":{}}],"line":28},"1":{"loc":{"start":{"line":37,"column":4},"end":{"line":41,"column":5}},"type":"if","locations":[{"start":{"line":37,"column":4},"end":{"line":41,"column":5}},{"start":{},"end":{}}],"line":37}},"s":{"0":1,"1":1,"2":0,"3":0,"4":0,"5":0,"6":1,"7":0,"8":0,"9":0,"10":0,"11":0,"12":0,"13":0,"14":0,"15":0,"16":0,"17":0,"18":0,"19":0,"20":1},"f":{"0":0,"1":0},"b":{"0":[0,0],"1":[0,0]},"_coverageSchema":"1a1c01bbd47fc00a2c39e90264f33305004495a9","hash":"35a18141a382d091d3e94b32a5b2b7a9e016bc91"}
,"C:\\Users\\maxio\\Downloads\\+Programacion\\NODE.js\\PROYECTOS\\02-Control-Gastos-Personal-v2\\backend\\src\\controllers\\taskController.js": {"path":"C:\\Users\\maxio\\Downloads\\+Programacion\\NODE.js\\PROYECTOS\\02-Control-Gastos-Personal-v2\\backend\\src\\controllers\\taskController.js","statementMap":{"0":{"start":{"line":1,"column":15},"end":{"line":1,"column":39}},"1":{"start":{"line":4,"column":20},"end":{"line":13,"column":1}},"2":{"start":{"line":5,"column":2},"end":{"line":12,"column":3}},"3":{"start":{"line":6,"column":18},"end":{"line":6,"column":59}},"4":{"start":{"line":7,"column":4},"end":{"line":8,"column":70}},"5":{"start":{"line":8,"column":6},"end":{"line":8,"column":70}},"6":{"start":{"line":9,"column":4},"end":{"line":9,"column":20}},"7":{"start":{"line":11,"column":4},"end":{"line":11,"column":53}},"8":{"start":{"line":15,"column":0},"end":{"line":17,"column":2}}},"fnMap":{"0":{"name":"(anonymous_0)","decl":{"start":{"line":4,"column":20},"end":{"line":4,"column":21}},"loc":{"start":{"line":4,"column":40},"end":{"line":13,"column":1}},"line":4}},"branchMap":{"0":{"loc":{"start":{"line":7,"column":4},"end":{"line":8,"column":70}},"type":"if","locations":[{"start":{"line":7,"column":4},"end":{"line":8,"column":70}},{"start":{},"end":{}}],"line":7}},"s":{"0":1,"1":1,"2":0,"3":0,"4":0,"5":0,"6":0,"7":0,"8":1},"f":{"0":0},"b":{"0":[0,0]},"_coverageSchema":"1a1c01bbd47fc00a2c39e90264f33305004495a9","hash":"d515c3deeb9f63089330bd6e1bb050da37d27faf"}
,"C:\\Users\\maxio\\Downloads\\+Programacion\\NODE.js\\PROYECTOS\\02-Control-Gastos-Personal-v2\\backend\\src\\controllers\\userController.js": {"path":"C:\\Users\\maxio\\Downloads\\+Programacion\\NODE.js\\PROYECTOS\\02-Control-Gastos-Personal-v2\\backend\\src\\controllers\\userController.js","statementMap":{"0":{"start":{"line":1,"column":13},"end":{"line":1,"column":37}},"1":{"start":{"line":2,"column":15},"end":{"line":2,"column":32}},"2":{"start":{"line":5,"column":16},"end":{"line":27,"column":1}},"3":{"start":{"line":6,"column":2},"end":{"line":26,"column":3}},"4":{"start":{"line":7,"column":4},"end":{"line":11,"column":5}},"5":{"start":{"line":8,"column":6},"end":{"line":10,"column":62}},"6":{"start":{"line":13,"column":27},"end":{"line":13,"column":79}},"7":{"start":{"line":14,"column":4},"end":{"line":14,"column":51}},"8":{"start":{"line":14,"column":24},"end":{"line":14,"column":51}},"9":{"start":{"line":17,"column":22},"end":{"line":17,"column":62}},"10":{"start":{"line":19,"column":19},"end":{"line":22,"column":6}},"11":{"start":{"line":23,"column":4},"end":{"line":23,"column":33}},"12":{"start":{"line":25,"column":4},"end":{"line":25,"column":51}},"13":{"start":{"line":187,"column":0},"end":{"line":195,"column":2}}},"fnMap":{"0":{"name":"(anonymous_0)","decl":{"start":{"line":5,"column":16},"end":{"line":5,"column":17}},"loc":{"start":{"line":5,"column":36},"end":{"line":27,"column":1}},"line":5}},"branchMap":{"0":{"loc":{"start":{"line":7,"column":4},"end":{"line":11,"column":5}},"type":"if","locations":[{"start":{"line":7,"column":4},"end":{"line":11,"column":5}},{"start":{},"end":{}}],"line":7},"1":{"loc":{"start":{"line":7,"column":8},"end":{"line":7,"column":49}},"type":"binary-expr","locations":[{"start":{"line":7,"column":8},"end":{"line":7,"column":28}},{"start":{"line":7,"column":32},"end":{"line":7,"column":49}}],"line":7},"2":{"loc":{"start":{"line":14,"column":4},"end":{"line":14,"column":51}},"type":"if","locations":[{"start":{"line":14,"column":4},"end":{"line":14,"column":51}},{"start":{},"end":{}}],"line":14}},"s":{"0":1,"1":1,"2":1,"3":0,"4":0,"5":0,"6":0,"7":0,"8":0,"9":0,"10":0,"11":0,"12":0,"13":1},"f":{"0":0},"b":{"0":[0,0],"1":[0,0],"2":[0,0]},"_coverageSchema":"1a1c01bbd47fc00a2c39e90264f33305004495a9","hash":"3263eddfe0e73f78b884fa723159f923d7d86067"}
,"C:\\Users\\maxio\\Downloads\\+Programacion\\NODE.js\\PROYECTOS\\02-Control-Gastos-Personal-v2\\backend\\src\\controllers\\payment\\helpers.js": {"path":"C:\\Users\\maxio\\Downloads\\+Programacion\\NODE.js\\PROYECTOS\\02-Control-Gastos-Personal-v2\\backend\\src\\controllers\\payment\\helpers.js","statementMap":{"0":{"start":{"line":1,"column":25},"end":{"line":8,"column":1}},"1":{"start":{"line":2,"column":14},"end":{"line":2,"column":15}},"2":{"start":{"line":3,"column":2},"end":{"line":5,"column":3}},"3":{"start":{"line":4,"column":4},"end":{"line":4,"column":12}},"4":{"start":{"line":7,"column":2},"end":{"line":7,"column":15}},"5":{"start":{"line":10,"column":34},"end":{"line":17,"column":1}},"6":{"start":{"line":11,"column":23},"end":{"line":11,"column":24}},"7":{"start":{"line":12,"column":2},"end":{"line":14,"column":3}},"8":{"start":{"line":13,"column":4},"end":{"line":13,"column":51}},"9":{"start":{"line":13,"column":34},"end":{"line":13,"column":51}},"10":{"start":{"line":16,"column":2},"end":{"line":16,"column":24}},"11":{"start":{"line":19,"column":28},"end":{"line":29,"column":1}},"12":{"start":{"line":20,"column":16},"end":{"line":20,"column":26}},"13":{"start":{"line":22,"column":2},"end":{"line":22,"column":31}},"14":{"start":{"line":24,"column":27},"end":{"line":24,"column":67}},"15":{"start":{"line":27,"column":27},"end":{"line":27,"column":78}},"16":{"start":{"line":28,"column":2},"end":{"line":28,"column":28}},"17":{"start":{"line":31,"column":0},"end":{"line":35,"column":2}}},"fnMap":{"0":{"name":"(anonymous_0)","decl":{"start":{"line":1,"column":25},"end":{"line":1,"column":26}},"loc":{"start":{"line":1,"column":42},"end":{"line":8,"column":1}},"line":1},"1":{"name":"(anonymous_1)","decl":{"start":{"line":10,"column":34},"end":{"line":10,"column":35}},"loc":{"start":{"line":10,"column":51},"end":{"line":17,"column":1}},"line":10},"2":{"name":"(anonymous_2)","decl":{"start":{"line":19,"column":28},"end":{"line":19,"column":29}},"loc":{"start":{"line":19,"column":44},"end":{"line":29,"column":1}},"line":19}},"branchMap":{"0":{"loc":{"start":{"line":13,"column":4},"end":{"line":13,"column":51}},"type":"if","locations":[{"start":{"line":13,"column":4},"end":{"line":13,"column":51}},{"start":{},"end":{}}],"line":13}},"s":{"0":1,"1":0,"2":0,"3":0,"4":0,"5":1,"6":0,"7":0,"8":0,"9":0,"10":0,"11":1,"12":0,"13":0,"14":0,"15":0,"16":0,"17":1},"f":{"0":0,"1":0,"2":0},"b":{"0":[0,0]},"_coverageSchema":"1a1c01bbd47fc00a2c39e90264f33305004495a9","hash":"4bd68a028b505ab700207d9b0fd5109775dc98e2"}
,"C:\\Users\\maxio\\Downloads\\+Programacion\\NODE.js\\PROYECTOS\\02-Control-Gastos-Personal-v2\\backend\\src\\controllers\\payment\\paymentController.js": {"path":"C:\\Users\\maxio\\Downloads\\+Programacion\\NODE.js\\PROYECTOS\\02-Control-Gastos-Personal-v2\\backend\\src\\controllers\\payment\\paymentController.js","statementMap":{"0":{"start":{"line":1,"column":30},"end":{"line":1,"column":49}},"1":{"start":{"line":2,"column":16},"end":{"line":2,"column":46}},"2":{"start":{"line":3,"column":15},"end":{"line":3,"column":49}},"3":{"start":{"line":4,"column":13},"end":{"line":4,"column":40}},"4":{"start":{"line":5,"column":28},"end":{"line":5,"column":62}},"5":{"start":{"line":6,"column":19},"end":{"line":6,"column":50}},"6":{"start":{"line":11,"column":4},"end":{"line":11,"column":24}},"7":{"start":{"line":12,"column":16},"end":{"line":12,"column":42}},"8":{"start":{"line":20,"column":19},"end":{"line":117,"column":1}},"9":{"start":{"line":21,"column":2},"end":{"line":116,"column":3}},"10":{"start":{"line":23,"column":19},"end":{"line":23,"column":29}},"11":{"start":{"line":26,"column":19},"end":{"line":112,"column":6}},"12":{"start":{"line":113,"column":4},"end":{"line":113,"column":21}},"13":{"start":{"line":115,"column":4},"end":{"line":115,"column":51}},"14":{"start":{"line":125,"column":30},"end":{"line":203,"column":1}},"15":{"start":{"line":126,"column":2},"end":{"line":202,"column":3}},"16":{"start":{"line":128,"column":35},"end":{"line":128,"column":43}},"17":{"start":{"line":131,"column":22},"end":{"line":131,"column":41}},"18":{"start":{"line":132,"column":4},"end":{"line":136,"column":5}},"19":{"start":{"line":133,"column":6},"end":{"line":135,"column":63}},"20":{"start":{"line":139,"column":25},"end":{"line":139,"column":49}},"21":{"start":{"line":140,"column":17},"end":{"line":140,"column":35}},"22":{"start":{"line":142,"column":4},"end":{"line":197,"column":5}},"23":{"start":{"line":144,"column":25},"end":{"line":147,"column":8}},"24":{"start":{"line":148,"column":6},"end":{"line":149,"column":75}},"25":{"start":{"line":149,"column":8},"end":{"line":149,"column":75}},"26":{"start":{"line":152,"column":29},"end":{"line":157,"column":8}},"27":{"start":{"line":158,"column":6},"end":{"line":163,"column":7}},"28":{"start":{"line":159,"column":8},"end":{"line":162,"column":11}},"29":{"start":{"line":166,"column":6},"end":{"line":196,"column":7}},"30":{"start":{"line":167,"column":8},"end":{"line":167,"column":41}},"31":{"start":{"line":168,"column":8},"end":{"line":168,"column":32}},"32":{"start":{"line":171,"column":25},"end":{"line":176,"column":10}},"33":{"start":{"line":178,"column":8},"end":{"line":194,"column":9}},"34":{"start":{"line":179,"column":10},"end":{"line":186,"column":11}},"35":{"start":{"line":180,"column":31},"end":{"line":184,"column":13}},"36":{"start":{"line":185,"column":12},"end":{"line":185,"column":46}},"37":{"start":{"line":188,"column":29},"end":{"line":192,"column":11}},"38":{"start":{"line":193,"column":10},"end":{"line":193,"column":44}},"39":{"start":{"line":195,"column":8},"end":{"line":195,"column":26}},"40":{"start":{"line":199,"column":4},"end":{"line":199,"column":59}},"41":{"start":{"line":201,"column":4},"end":{"line":201,"column":51}},"42":{"start":{"line":211,"column":23},"end":{"line":305,"column":1}},"43":{"start":{"line":212,"column":2},"end":{"line":304,"column":3}},"44":{"start":{"line":214,"column":21},"end":{"line":299,"column":6}},"45":{"start":{"line":301,"column":4},"end":{"line":301,"column":23}},"46":{"start":{"line":303,"column":4},"end":{"line":303,"column":53}},"47":{"start":{"line":313,"column":26},"end":{"line":403,"column":1}},"48":{"start":{"line":314,"column":2},"end":{"line":402,"column":3}},"49":{"start":{"line":316,"column":21},"end":{"line":397,"column":6}},"50":{"start":{"line":399,"column":4},"end":{"line":399,"column":23}},"51":{"start":{"line":401,"column":4},"end":{"line":401,"column":53}},"52":{"start":{"line":411,"column":20},"end":{"line":514,"column":1}},"53":{"start":{"line":412,"column":2},"end":{"line":513,"column":3}},"54":{"start":{"line":414,"column":46},"end":{"line":414,"column":54}},"55":{"start":{"line":415,"column":19},"end":{"line":415,"column":29}},"56":{"start":{"line":418,"column":23},"end":{"line":418,"column":72}},"57":{"start":{"line":419,"column":4},"end":{"line":421,"column":5}},"58":{"start":{"line":420,"column":6},"end":{"line":420,"column":75}},"59":{"start":{"line":424,"column":24},"end":{"line":429,"column":6}},"60":{"start":{"line":430,"column":4},"end":{"line":433,"column":74}},"61":{"start":{"line":431,"column":6},"end":{"line":433,"column":74}},"62":{"start":{"line":436,"column":21},"end":{"line":436,"column":23}},"63":{"start":{"line":437,"column":4},"end":{"line":439,"column":5}},"64":{"start":{"line":438,"column":6},"end":{"line":438,"column":33}},"65":{"start":{"line":441,"column":15},"end":{"line":441,"column":39}},"66":{"start":{"line":442,"column":4},"end":{"line":446,"column":5}},"67":{"start":{"line":443,"column":6},"end":{"line":445,"column":67}},"68":{"start":{"line":449,"column":4},"end":{"line":456,"column":5}},"69":{"start":{"line":450,"column":25},"end":{"line":450,"column":76}},"70":{"start":{"line":451,"column":6},"end":{"line":455,"column":7}},"71":{"start":{"line":452,"column":8},"end":{"line":454,"column":11}},"72":{"start":{"line":459,"column":23},"end":{"line":459,"column":25}},"73":{"start":{"line":460,"column":21},"end":{"line":460,"column":23}},"74":{"start":{"line":463,"column":4},"end":{"line":470,"column":5}},"75":{"start":{"line":464,"column":19},"end":{"line":464,"column":71}},"76":{"start":{"line":464,"column":51},"end":{"line":464,"column":70}},"77":{"start":{"line":465,"column":6},"end":{"line":469,"column":7}},"78":{"start":{"line":466,"column":8},"end":{"line":466,"column":30}},"79":{"start":{"line":468,"column":8},"end":{"line":468,"column":32}},"80":{"start":{"line":473,"column":26},"end":{"line":473,"column":28}},"81":{"start":{"line":476,"column":4},"end":{"line":480,"column":5}},"82":{"start":{"line":477,"column":6},"end":{"line":479,"column":7}},"83":{"start":{"line":477,"column":27},"end":{"line":477,"column":55}},"84":{"start":{"line":478,"column":8},"end":{"line":478,"column":37}},"85":{"start":{"line":483,"column":4},"end":{"line":483,"column":42}},"86":{"start":{"line":486,"column":4},"end":{"line":492,"column":5}},"87":{"start":{"line":486,"column":21},"end":{"line":486,"column":22}},"88":{"start":{"line":487,"column":6},"end":{"line":491,"column":9}},"89":{"start":{"line":495,"column":4},"end":{"line":501,"column":5}},"90":{"start":{"line":495,"column":21},"end":{"line":495,"column":22}},"91":{"start":{"line":496,"column":6},"end":{"line":500,"column":7}},"92":{"start":{"line":497,"column":8},"end":{"line":499,"column":9}},"93":{"start":{"line":498,"column":10},"end":{"line":498,"column":53}},"94":{"start":{"line":504,"column":4},"end":{"line":504,"column":30}},"95":{"start":{"line":505,"column":4},"end":{"line":505,"column":38}},"96":{"start":{"line":506,"column":4},"end":{"line":506,"column":34}},"97":{"start":{"line":508,"column":4},"end":{"line":508,"column":31}},"98":{"start":{"line":510,"column":4},"end":{"line":510,"column":71}},"99":{"start":{"line":512,"column":4},"end":{"line":512,"column":53}},"100":{"start":{"line":522,"column":21},"end":{"line":580,"column":1}},"101":{"start":{"line":523,"column":2},"end":{"line":579,"column":3}},"102":{"start":{"line":525,"column":29},"end":{"line":525,"column":37}},"103":{"start":{"line":526,"column":19},"end":{"line":526,"column":29}},"104":{"start":{"line":529,"column":24},"end":{"line":534,"column":6}},"105":{"start":{"line":535,"column":4},"end":{"line":540,"column":5}},"106":{"start":{"line":536,"column":6},"end":{"line":539,"column":9}},"107":{"start":{"line":543,"column":21},"end":{"line":543,"column":69}},"108":{"start":{"line":543,"column":53},"end":{"line":543,"column":68}},"109":{"start":{"line":544,"column":4},"end":{"line":548,"column":5}},"110":{"start":{"line":545,"column":6},"end":{"line":547,"column":9}},"111":{"start":{"line":551,"column":4},"end":{"line":566,"column":5}},"112":{"start":{"line":552,"column":6},"end":{"line":565,"column":7}},"113":{"start":{"line":554,"column":8},"end":{"line":564,"column":9}},"114":{"start":{"line":556,"column":10},"end":{"line":556,"column":62}},"115":{"start":{"line":557,"column":10},"end":{"line":557,"column":34}},"116":{"start":{"line":558,"column":10},"end":{"line":558,"column":36}},"117":{"start":{"line":561,"column":10},"end":{"line":563,"column":77}},"118":{"start":{"line":569,"column":23},"end":{"line":569,"column":66}},"119":{"start":{"line":570,"column":27},"end":{"line":570,"column":79}},"120":{"start":{"line":571,"column":4},"end":{"line":571,"column":71}},"121":{"start":{"line":571,"column":38},"end":{"line":571,"column":71}},"122":{"start":{"line":574,"column":4},"end":{"line":574,"column":31}},"123":{"start":{"line":576,"column":4},"end":{"line":576,"column":57}},"124":{"start":{"line":578,"column":4},"end":{"line":578,"column":51}},"125":{"start":{"line":588,"column":23},"end":{"line":613,"column":1}},"126":{"start":{"line":589,"column":2},"end":{"line":612,"column":3}},"127":{"start":{"line":591,"column":19},"end":{"line":591,"column":29}},"128":{"start":{"line":594,"column":24},"end":{"line":598,"column":6}},"129":{"start":{"line":599,"column":4},"end":{"line":601,"column":5}},"130":{"start":{"line":600,"column":6},"end":{"line":600,"column":78}},"131":{"start":{"line":604,"column":4},"end":{"line":604,"column":35}},"132":{"start":{"line":607,"column":4},"end":{"line":607,"column":31}},"133":{"start":{"line":609,"column":4},"end":{"line":609,"column":77}},"134":{"start":{"line":611,"column":4},"end":{"line":611,"column":51}},"135":{"start":{"line":621,"column":21},"end":{"line":690,"column":1}},"136":{"start":{"line":622,"column":2},"end":{"line":689,"column":3}},"137":{"start":{"line":623,"column":21},"end":{"line":660,"column":6}},"138":{"start":{"line":662,"column":25},"end":{"line":662,"column":27}},"139":{"start":{"line":664,"column":4},"end":{"line":684,"column":5}},"140":{"start":{"line":665,"column":6},"end":{"line":683,"column":7}},"141":{"start":{"line":666,"column":8},"end":{"line":682,"column":9}},"142":{"start":{"line":666,"column":21},"end":{"line":666,"column":22}},"143":{"start":{"line":667,"column":22},"end":{"line":667,"column":68}},"144":{"start":{"line":669,"column":10},"end":{"line":681,"column":11}},"145":{"start":{"line":670,"column":12},"end":{"line":680,"column":15}},"146":{"start":{"line":686,"column":4},"end":{"line":686,"column":29}},"147":{"start":{"line":688,"column":4},"end":{"line":688,"column":53}},"148":{"start":{"line":692,"column":0},"end":{"line":701,"column":2}}},"fnMap":{"0":{"name":"(anonymous_0)","decl":{"start":{"line":20,"column":19},"end":{"line":20,"column":20}},"loc":{"start":{"line":20,"column":39},"end":{"line":117,"column":1}},"line":20},"1":{"name":"(anonymous_1)","decl":{"start":{"line":125,"column":30},"end":{"line":125,"column":31}},"loc":{"start":{"line":125,"column":50},"end":{"line":203,"column":1}},"line":125},"2":{"name":"(anonymous_2)","decl":{"start":{"line":211,"column":23},"end":{"line":211,"column":24}},"loc":{"start":{"line":211,"column":43},"end":{"line":305,"column":1}},"line":211},"3":{"name":"(anonymous_3)","decl":{"start":{"line":313,"column":26},"end":{"line":313,"column":27}},"loc":{"start":{"line":313,"column":46},"end":{"line":403,"column":1}},"line":313},"4":{"name":"(anonymous_4)","decl":{"start":{"line":411,"column":20},"end":{"line":411,"column":21}},"loc":{"start":{"line":411,"column":40},"end":{"line":514,"column":1}},"line":411},"5":{"name":"(anonymous_5)","decl":{"start":{"line":464,"column":44},"end":{"line":464,"column":45}},"loc":{"start":{"line":464,"column":51},"end":{"line":464,"column":70}},"line":464},"6":{"name":"(anonymous_6)","decl":{"start":{"line":477,"column":20},"end":{"line":477,"column":21}},"loc":{"start":{"line":477,"column":27},"end":{"line":477,"column":55}},"line":477},"7":{"name":"(anonymous_7)","decl":{"start":{"line":522,"column":21},"end":{"line":522,"column":22}},"loc":{"start":{"line":522,"column":41},"end":{"line":580,"column":1}},"line":522},"8":{"name":"(anonymous_8)","decl":{"start":{"line":543,"column":46},"end":{"line":543,"column":47}},"loc":{"start":{"line":543,"column":53},"end":{"line":543,"column":68}},"line":543},"9":{"name":"(anonymous_9)","decl":{"start":{"line":588,"column":23},"end":{"line":588,"column":24}},"loc":{"start":{"line":588,"column":43},"end":{"line":613,"column":1}},"line":588},"10":{"name":"(anonymous_10)","decl":{"start":{"line":621,"column":21},"end":{"line":621,"column":22}},"loc":{"start":{"line":621,"column":41},"end":{"line":690,"column":1}},"line":621}},"branchMap":{"0":{"loc":{"start":{"line":132,"column":4},"end":{"line":136,"column":5}},"type":"if","locations":[{"start":{"line":132,"column":4},"end":{"line":136,"column":5}},{"start":{},"end":{}}],"line":132},"1":{"loc":{"start":{"line":148,"column":6},"end":{"line":149,"column":75}},"type":"if","locations":[{"start":{"line":148,"column":6},"end":{"line":149,"column":75}},{"start":{},"end":{}}],"line":148},"2":{"loc":{"start":{"line":158,"column":6},"end":{"line":163,"column":7}},"type":"if","locations":[{"start":{"line":158,"column":6},"end":{"line":163,"column":7}},{"start":{},"end":{}}],"line":158},"3":{"loc":{"start":{"line":158,"column":10},"end":{"line":158,"column":55}},"type":"binary-expr","locations":[{"start":{"line":158,"column":10},"end":{"line":158,"column":26}},{"start":{"line":158,"column":30},"end":{"line":158,"column":55}}],"line":158},"4":{"loc":{"start":{"line":166,"column":6},"end":{"line":196,"column":7}},"type":"if","locations":[{"start":{"line":166,"column":6},"end":{"line":196,"column":7}},{"start":{"line":169,"column":13},"end":{"line":196,"column":7}}],"line":166},"5":{"loc":{"start":{"line":166,"column":10},"end":{"line":166,"column":56}},"type":"binary-expr","locations":[{"start":{"line":166,"column":10},"end":{"line":166,"column":26}},{"start":{"line":166,"column":30},"end":{"line":166,"column":56}}],"line":166},"6":{"loc":{"start":{"line":178,"column":8},"end":{"line":194,"column":9}},"type":"if","locations":[{"start":{"line":178,"column":8},"end":{"line":194,"column":9}},{"start":{"line":187,"column":15},"end":{"line":194,"column":9}}],"line":178},"7":{"loc":{"start":{"line":419,"column":4},"end":{"line":421,"column":5}},"type":"if","locations":[{"start":{"line":419,"column":4},"end":{"line":421,"column":5}},{"start":{},"end":{}}],"line":419},"8":{"loc":{"start":{"line":430,"column":4},"end":{"line":433,"column":74}},"type":"if","locations":[{"start":{"line":430,"column":4},"end":{"line":433,"column":74}},{"start":{},"end":{}}],"line":430},"9":{"loc":{"start":{"line":442,"column":4},"end":{"line":446,"column":5}},"type":"if","locations":[{"start":{"line":442,"column":4},"end":{"line":446,"column":5}},{"start":{},"end":{}}],"line":442},"10":{"loc":{"start":{"line":451,"column":6},"end":{"line":455,"column":7}},"type":"if","locations":[{"start":{"line":451,"column":6},"end":{"line":455,"column":7}},{"start":{},"end":{}}],"line":451},"11":{"loc":{"start":{"line":465,"column":6},"end":{"line":469,"column":7}},"type":"if","locations":[{"start":{"line":465,"column":6},"end":{"line":469,"column":7}},{"start":{"line":467,"column":13},"end":{"line":469,"column":7}}],"line":465},"12":{"loc":{"start":{"line":477,"column":6},"end":{"line":479,"column":7}},"type":"if","locations":[{"start":{"line":477,"column":6},"end":{"line":479,"column":7}},{"start":{},"end":{}}],"line":477},"13":{"loc":{"start":{"line":497,"column":8},"end":{"line":499,"column":9}},"type":"if","locations":[{"start":{"line":497,"column":8},"end":{"line":499,"column":9}},{"start":{},"end":{}}],"line":497},"14":{"loc":{"start":{"line":535,"column":4},"end":{"line":540,"column":5}},"type":"if","locations":[{"start":{"line":535,"column":4},"end":{"line":540,"column":5}},{"start":{},"end":{}}],"line":535},"15":{"loc":{"start":{"line":544,"column":4},"end":{"line":548,"column":5}},"type":"if","locations":[{"start":{"line":544,"column":4},"end":{"line":548,"column":5}},{"start":{},"end":{}}],"line":544},"16":{"loc":{"start":{"line":552,"column":6},"end":{"line":565,"column":7}},"type":"if","locations":[{"start":{"line":552,"column":6},"end":{"line":565,"column":7}},{"start":{},"end":{}}],"line":552},"17":{"loc":{"start":{"line":554,"column":8},"end":{"line":564,"column":9}},"type":"if","locations":[{"start":{"line":554,"column":8},"end":{"line":564,"column":9}},{"start":{"line":559,"column":15},"end":{"line":564,"column":9}}],"line":554},"18":{"loc":{"start":{"line":556,"column":23},"end":{"line":556,"column":61}},"type":"cond-expr","locations":[{"start":{"line":556,"column":41},"end":{"line":556,"column":56}},{"start":{"line":556,"column":59},"end":{"line":556,"column":61}}],"line":556},"19":{"loc":{"start":{"line":571,"column":4},"end":{"line":571,"column":71}},"type":"if","locations":[{"start":{"line":571,"column":4},"end":{"line":571,"column":71}},{"start":{},"end":{}}],"line":571},"20":{"loc":{"start":{"line":599,"column":4},"end":{"line":601,"column":5}},"type":"if","locations":[{"start":{"line":599,"column":4},"end":{"line":601,"column":5}},{"start":{},"end":{}}],"line":599},"21":{"loc":{"start":{"line":664,"column":4},"end":{"line":684,"column":5}},"type":"if","locations":[{"start":{"line":664,"column":4},"end":{"line":684,"column":5}},{"start":{},"end":{}}],"line":664},"22":{"loc":{"start":{"line":669,"column":10},"end":{"line":681,"column":11}},"type":"if","locations":[{"start":{"line":669,"column":10},"end":{"line":681,"column":11}},{"start":{},"end":{}}],"line":669},"23":{"loc":{"start":{"line":669,"column":14},"end":{"line":669,"column":56}},"type":"binary-expr","locations":[{"start":{"line":669,"column":14},"end":{"line":669,"column":23}},{"start":{"line":669,"column":27},"end":{"line":669,"column":56}}],"line":669}},"s":{"0":1,"1":1,"2":1,"3":1,"4":1,"5":1,"6":1,"7":1,"8":1,"9":0,"10":0,"11":0,"12":0,"13":0,"14":1,"15":0,"16":0,"17":0,"18":0,"19":0,"20":0,"21":0,"22":0,"23":0,"24":0,"25":0,"26":0,"27":0,"28":0,"29":0,"30":0,"31":0,"32":0,"33":0,"34":0,"35":0,"36":0,"37":0,"38":0,"39":0,"40":0,"41":0,"42":1,"43":0,"44":0,"45":0,"46":0,"47":1,"48":0,"49":0,"50":0,"51":0,"52":1,"53":0,"54":0,"55":0,"56":0,"57":0,"58":0,"59":0,"60":0,"61":0,"62":0,"63":0,"64":0,"65":0,"66":0,"67":0,"68":0,"69":0,"70":0,"71":0,"72":0,"73":0,"74":0,"75":0,"76":0,"77":0,"78":0,"79":0,"80":0,"81":0,"82":0,"83":0,"84":0,"85":0,"86":0,"87":0,"88":0,"89":0,"90":0,"91":0,"92":0,"93":0,"94":0,"95":0,"96":0,"97":0,"98":0,"99":0,"100":1,"101":0,"102":0,"103":0,"104":0,"105":0,"106":0,"107":0,"108":0,"109":0,"110":0,"111":0,"112":0,"113":0,"114":0,"115":0,"116":0,"117":0,"118":0,"119":0,"120":0,"121":0,"122":0,"123":0,"124":0,"125":1,"126":0,"127":0,"128":0,"129":0,"130":0,"131":0,"132":0,"133":0,"134":0,"135":1,"136":0,"137":0,"138":0,"139":0,"140":0,"141":0,"142":0,"143":0,"144":0,"145":0,"146":0,"147":0,"148":1},"f":{"0":0,"1":0,"2":0,"3":0,"4":0,"5":0,"6":0,"7":0,"8":0,"9":0,"10":0},"b":{"0":[0,0],"1":[0,0],"2":[0,0],"3":[0,0],"4":[0,0],"5":[0,0],"6":[0,0],"7":[0,0],"8":[0,0],"9":[0,0],"10":[0,0],"11":[0,0],"12":[0,0],"13":[0,0],"14":[0,0],"15":[0,0],"16":[0,0],"17":[0,0],"18":[0,0],"19":[0,0],"20":[0,0],"21":[0,0],"22":[0,0],"23":[0,0]},"_coverageSchema":"1a1c01bbd47fc00a2c39e90264f33305004495a9","hash":"499a255679fc15701a02b28dfd5bfea1e0589e9a"}
,"C:\\Users\\maxio\\Downloads\\+Programacion\\NODE.js\\PROYECTOS\\02-Control-Gastos-Personal-v2\\backend\\src\\helpers\\functions.js": {"path":"C:\\Users\\maxio\\Downloads\\+Programacion\\NODE.js\\PROYECTOS\\02-Control-Gastos-Personal-v2\\backend\\src\\helpers\\functions.js","statementMap":{"0":{"start":{"line":1,"column":30},"end":{"line":1,"column":49}},"1":{"start":{"line":4,"column":26},"end":{"line":19,"column":1}},"2":{"start":{"line":5,"column":17},"end":{"line":5,"column":19}},"3":{"start":{"line":7,"column":2},"end":{"line":17,"column":3}},"4":{"start":{"line":8,"column":4},"end":{"line":16,"column":5}},"5":{"start":{"line":9,"column":6},"end":{"line":9,"column":44}},"6":{"start":{"line":11,"column":6},"end":{"line":15,"column":7}},"7":{"start":{"line":12,"column":8},"end":{"line":12,"column":40}},"8":{"start":{"line":14,"column":8},"end":{"line":14,"column":27}},"9":{"start":{"line":18,"column":2},"end":{"line":18,"column":16}},"10":{"start":{"line":38,"column":0},"end":{"line":41,"column":2}}},"fnMap":{"0":{"name":"(anonymous_0)","decl":{"start":{"line":4,"column":26},"end":{"line":4,"column":27}},"loc":{"start":{"line":4,"column":43},"end":{"line":19,"column":1}},"line":4}},"branchMap":{"0":{"loc":{"start":{"line":8,"column":4},"end":{"line":16,"column":5}},"type":"if","locations":[{"start":{"line":8,"column":4},"end":{"line":16,"column":5}},{"start":{"line":10,"column":11},"end":{"line":16,"column":5}}],"line":8}},"s":{"0":1,"1":1,"2":0,"3":0,"4":0,"5":0,"6":0,"7":0,"8":0,"9":0,"10":1},"f":{"0":0},"b":{"0":[0,0]},"_coverageSchema":"1a1c01bbd47fc00a2c39e90264f33305004495a9","hash":"195515245187790f60d62a36487cea2ecc804ecc"}
,"C:\\Users\\maxio\\Downloads\\+Programacion\\NODE.js\\PROYECTOS\\02-Control-Gastos-Personal-v2\\backend\\src\\middleware\\auth.js": {"path":"C:\\Users\\maxio\\Downloads\\+Programacion\\NODE.js\\PROYECTOS\\02-Control-Gastos-Personal-v2\\backend\\src\\middleware\\auth.js","statementMap":{"0":{"start":{"line":1,"column":12},"end":{"line":1,"column":35}},"1":{"start":{"line":3,"column":13},"end":{"line":22,"column":1}},"2":{"start":{"line":4,"column":2},"end":{"line":21,"column":3}},"3":{"start":{"line":5,"column":18},"end":{"line":5,"column":44}},"4":{"start":{"line":6,"column":4},"end":{"line":7,"column":76}},"5":{"start":{"line":7,"column":6},"end":{"line":7,"column":76}},"6":{"start":{"line":9,"column":21},"end":{"line":9,"column":53}},"7":{"start":{"line":10,"column":4},"end":{"line":13,"column":75}},"8":{"start":{"line":11,"column":6},"end":{"line":13,"column":75}},"9":{"start":{"line":16,"column":4},"end":{"line":16,"column":27}},"10":{"start":{"line":17,"column":4},"end":{"line":17,"column":22}},"11":{"start":{"line":18,"column":4},"end":{"line":18,"column":11}},"12":{"start":{"line":20,"column":4},"end":{"line":20,"column":51}},"13":{"start":{"line":24,"column":0},"end":{"line":24,"column":22}}},"fnMap":{"0":{"name":"(anonymous_0)","decl":{"start":{"line":3,"column":13},"end":{"line":3,"column":14}},"loc":{"start":{"line":3,"column":39},"end":{"line":22,"column":1}},"line":3}},"branchMap":{"0":{"loc":{"start":{"line":6,"column":4},"end":{"line":7,"column":76}},"type":"if","locations":[{"start":{"line":6,"column":4},"end":{"line":7,"column":76}},{"start":{},"end":{}}],"line":6},"1":{"loc":{"start":{"line":10,"column":4},"end":{"line":13,"column":75}},"type":"if","locations":[{"start":{"line":10,"column":4},"end":{"line":13,"column":75}},{"start":{},"end":{}}],"line":10}},"s":{"0":1,"1":1,"2":37,"3":37,"4":37,"5":0,"6":37,"7":37,"8":0,"9":37,"10":37,"11":37,"12":0,"13":1},"f":{"0":37},"b":{"0":[0,37],"1":[0,37]},"_coverageSchema":"1a1c01bbd47fc00a2c39e90264f33305004495a9","hash":"223bf09a8b42b74f445aa4355bda3962e3f61fa1"}
,"C:\\Users\\maxio\\Downloads\\+Programacion\\NODE.js\\PROYECTOS\\02-Control-Gastos-Personal-v2\\backend\\src\\middleware\\credentials.js": {"path":"C:\\Users\\maxio\\Downloads\\+Programacion\\NODE.js\\PROYECTOS\\02-Control-Gastos-Personal-v2\\backend\\src\\middleware\\credentials.js","statementMap":{"0":{"start":{"line":1,"column":23},"end":{"line":1,"column":58}},"1":{"start":{"line":3,"column":20},"end":{"line":9,"column":1}},"2":{"start":{"line":4,"column":19},"end":{"line":4,"column":37}},"3":{"start":{"line":5,"column":4},"end":{"line":7,"column":5}},"4":{"start":{"line":6,"column":8},"end":{"line":6,"column":61}},"5":{"start":{"line":8,"column":4},"end":{"line":8,"column":11}},"6":{"start":{"line":11,"column":0},"end":{"line":11,"column":28}}},"fnMap":{"0":{"name":"(anonymous_0)","decl":{"start":{"line":3,"column":20},"end":{"line":3,"column":21}},"loc":{"start":{"line":3,"column":40},"end":{"line":9,"column":1}},"line":3}},"branchMap":{"0":{"loc":{"start":{"line":5,"column":4},"end":{"line":7,"column":5}},"type":"if","locations":[{"start":{"line":5,"column":4},"end":{"line":7,"column":5}},{"start":{},"end":{}}],"line":5}},"s":{"0":1,"1":1,"2":0,"3":0,"4":0,"5":0,"6":1},"f":{"0":0},"b":{"0":[0,0]},"_coverageSchema":"1a1c01bbd47fc00a2c39e90264f33305004495a9","hash":"ec2b6bff92a63d7cb608a6e24bdcd6b2f8a7862b"}
,"C:\\Users\\maxio\\Downloads\\+Programacion\\NODE.js\\PROYECTOS\\02-Control-Gastos-Personal-v2\\backend\\src\\middleware\\errorHandler.js": {"path":"C:\\Users\\maxio\\Downloads\\+Programacion\\NODE.js\\PROYECTOS\\02-Control-Gastos-Personal-v2\\backend\\src\\middleware\\errorHandler.js","statementMap":{"0":{"start":{"line":1,"column":22},"end":{"line":1,"column":44}},"1":{"start":{"line":3,"column":21},"end":{"line":7,"column":1}},"2":{"start":{"line":4,"column":4},"end":{"line":4,"column":59}},"3":{"start":{"line":5,"column":4},"end":{"line":5,"column":28}},"4":{"start":{"line":6,"column":4},"end":{"line":6,"column":38}},"5":{"start":{"line":9,"column":0},"end":{"line":9,"column":30}}},"fnMap":{"0":{"name":"(anonymous_0)","decl":{"start":{"line":3,"column":21},"end":{"line":3,"column":22}},"loc":{"start":{"line":3,"column":46},"end":{"line":7,"column":1}},"line":3}},"branchMap":{},"s":{"0":1,"1":1,"2":0,"3":0,"4":0,"5":1},"f":{"0":0},"b":{},"_coverageSchema":"1a1c01bbd47fc00a2c39e90264f33305004495a9","hash":"2ae6a773b99c84f368a29fe677f822c406eaec63"}
,"C:\\Users\\maxio\\Downloads\\+Programacion\\NODE.js\\PROYECTOS\\02-Control-Gastos-Personal-v2\\backend\\src\\middleware\\logEvents.js": {"path":"C:\\Users\\maxio\\Downloads\\+Programacion\\NODE.js\\PROYECTOS\\02-Control-Gastos-Personal-v2\\backend\\src\\middleware\\logEvents.js","statementMap":{"0":{"start":{"line":1,"column":19},"end":{"line":1,"column":38}},"1":{"start":{"line":2,"column":21},"end":{"line":2,"column":36}},"2":{"start":{"line":4,"column":11},"end":{"line":4,"column":24}},"3":{"start":{"line":5,"column":19},"end":{"line":5,"column":41}},"4":{"start":{"line":6,"column":13},"end":{"line":6,"column":28}},"5":{"start":{"line":8,"column":18},"end":{"line":21,"column":1}},"6":{"start":{"line":9,"column":21},"end":{"line":9,"column":66}},"7":{"start":{"line":10,"column":20},"end":{"line":10,"column":58}},"8":{"start":{"line":12,"column":4},"end":{"line":20,"column":5}},"9":{"start":{"line":13,"column":8},"end":{"line":15,"column":9}},"10":{"start":{"line":14,"column":12},"end":{"line":14,"column":71}},"11":{"start":{"line":17,"column":8},"end":{"line":17,"column":90}},"12":{"start":{"line":19,"column":8},"end":{"line":19,"column":25}},"13":{"start":{"line":23,"column":15},"end":{"line":27,"column":1}},"14":{"start":{"line":24,"column":4},"end":{"line":24,"column":80}},"15":{"start":{"line":25,"column":4},"end":{"line":25,"column":45}},"16":{"start":{"line":26,"column":4},"end":{"line":26,"column":11}},"17":{"start":{"line":29,"column":0},"end":{"line":29,"column":39}}},"fnMap":{"0":{"name":"(anonymous_0)","decl":{"start":{"line":8,"column":18},"end":{"line":8,"column":19}},"loc":{"start":{"line":8,"column":46},"end":{"line":21,"column":1}},"line":8},"1":{"name":"(anonymous_1)","decl":{"start":{"line":23,"column":15},"end":{"line":23,"column":16}},"loc":{"start":{"line":23,"column":35},"end":{"line":27,"column":1}},"line":23}},"branchMap":{"0":{"loc":{"start":{"line":13,"column":8},"end":{"line":15,"column":9}},"type":"if","locations":[{"start":{"line":13,"column":8},"end":{"line":15,"column":9}},{"start":{},"end":{}}],"line":13}},"s":{"0":1,"1":1,"2":1,"3":1,"4":1,"5":1,"6":0,"7":0,"8":0,"9":0,"10":0,"11":0,"12":0,"13":1,"14":0,"15":0,"16":0,"17":1},"f":{"0":0,"1":0},"b":{"0":[0,0]},"_coverageSchema":"1a1c01bbd47fc00a2c39e90264f33305004495a9","hash":"31425859893abce59bdcab7dfab86f6800f9bf31"}
,"C:\\Users\\maxio\\Downloads\\+Programacion\\NODE.js\\PROYECTOS\\02-Control-Gastos-Personal-v2\\backend\\src\\middleware\\verifyJWT.js": {"path":"C:\\Users\\maxio\\Downloads\\+Programacion\\NODE.js\\PROYECTOS\\02-Control-Gastos-Personal-v2\\backend\\src\\middleware\\verifyJWT.js","statementMap":{"0":{"start":{"line":1,"column":12},"end":{"line":1,"column":35}},"1":{"start":{"line":3,"column":18},"end":{"line":18,"column":1}},"2":{"start":{"line":4,"column":23},"end":{"line":4,"column":77}},"3":{"start":{"line":5,"column":4},"end":{"line":5,"column":71}},"4":{"start":{"line":5,"column":44},"end":{"line":5,"column":71}},"5":{"start":{"line":6,"column":18},"end":{"line":6,"column":42}},"6":{"start":{"line":7,"column":4},"end":{"line":7,"column":22}},"7":{"start":{"line":8,"column":4},"end":{"line":17,"column":6}},"8":{"start":{"line":12,"column":12},"end":{"line":12,"column":48}},"9":{"start":{"line":12,"column":21},"end":{"line":12,"column":48}},"10":{"start":{"line":13,"column":12},"end":{"line":13,"column":49}},"11":{"start":{"line":14,"column":12},"end":{"line":14,"column":49}},"12":{"start":{"line":15,"column":12},"end":{"line":15,"column":19}},"13":{"start":{"line":20,"column":0},"end":{"line":20,"column":26}}},"fnMap":{"0":{"name":"(anonymous_0)","decl":{"start":{"line":3,"column":18},"end":{"line":3,"column":19}},"loc":{"start":{"line":3,"column":38},"end":{"line":18,"column":1}},"line":3},"1":{"name":"(anonymous_1)","decl":{"start":{"line":11,"column":8},"end":{"line":11,"column":9}},"loc":{"start":{"line":11,"column":26},"end":{"line":16,"column":9}},"line":11}},"branchMap":{"0":{"loc":{"start":{"line":4,"column":23},"end":{"line":4,"column":77}},"type":"binary-expr","locations":[{"start":{"line":4,"column":23},"end":{"line":4,"column":48}},{"start":{"line":4,"column":52},"end":{"line":4,"column":77}}],"line":4},"1":{"loc":{"start":{"line":5,"column":4},"end":{"line":5,"column":71}},"type":"if","locations":[{"start":{"line":5,"column":4},"end":{"line":5,"column":71}},{"start":{},"end":{}}],"line":5},"2":{"loc":{"start":{"line":12,"column":12},"end":{"line":12,"column":48}},"type":"if","locations":[{"start":{"line":12,"column":12},"end":{"line":12,"column":48}},{"start":{},"end":{}}],"line":12}},"s":{"0":1,"1":1,"2":0,"3":0,"4":0,"5":0,"6":0,"7":0,"8":0,"9":0,"10":0,"11":0,"12":0,"13":1},"f":{"0":0,"1":0},"b":{"0":[0,0],"1":[0,0],"2":[0,0]},"_coverageSchema":"1a1c01bbd47fc00a2c39e90264f33305004495a9","hash":"88f01d03ea8b1701f382659428adad7454ce9d6b"}
,"C:\\Users\\maxio\\Downloads\\+Programacion\\NODE.js\\PROYECTOS\\02-Control-Gastos-Personal-v2\\backend\\src\\model\\Category.js": {"path":"C:\\Users\\maxio\\Downloads\\+Programacion\\NODE.js\\PROYECTOS\\02-Control-Gastos-Personal-v2\\backend\\src\\model\\Category.js","statementMap":{"0":{"start":{"line":1,"column":17},"end":{"line":1,"column":36}},"1":{"start":{"line":2,"column":15},"end":{"line":2,"column":30}},"2":{"start":{"line":4,"column":23},"end":{"line":35,"column":1}},"3":{"start":{"line":37,"column":17},"end":{"line":37,"column":59}},"4":{"start":{"line":38,"column":0},"end":{"line":38,"column":46}}},"fnMap":{"0":{"name":"(anonymous_0)","decl":{"start":{"line":25,"column":17},"end":{"line":25,"column":18}},"loc":{"start":{"line":25,"column":31},"end":{"line":25,"column":33}},"line":25},"1":{"name":"(anonymous_1)","decl":{"start":{"line":28,"column":17},"end":{"line":28,"column":18}},"loc":{"start":{"line":28,"column":31},"end":{"line":32,"column":7}},"line":28}},"branchMap":{},"s":{"0":1,"1":1,"2":1,"3":1,"4":1},"f":{"0":0,"1":0},"b":{},"_coverageSchema":"1a1c01bbd47fc00a2c39e90264f33305004495a9","hash":"71f63ee94db3fb5db95df415c903f9c3ae27ead9"}
,"C:\\Users\\maxio\\Downloads\\+Programacion\\NODE.js\\PROYECTOS\\02-Control-Gastos-Personal-v2\\backend\\src\\model\\NamePayment.js": {"path":"C:\\Users\\maxio\\Downloads\\+Programacion\\NODE.js\\PROYECTOS\\02-Control-Gastos-Personal-v2\\backend\\src\\model\\NamePayment.js","statementMap":{"0":{"start":{"line":1,"column":17},"end":{"line":1,"column":36}},"1":{"start":{"line":2,"column":15},"end":{"line":2,"column":30}},"2":{"start":{"line":4,"column":26},"end":{"line":50,"column":1}},"3":{"start":{"line":42,"column":8},"end":{"line":42,"column":29}},"4":{"start":{"line":43,"column":8},"end":{"line":43,"column":23}},"5":{"start":{"line":44,"column":8},"end":{"line":44,"column":28}},"6":{"start":{"line":45,"column":8},"end":{"line":45,"column":23}},"7":{"start":{"line":53,"column":13},"end":{"line":53,"column":54}},"8":{"start":{"line":54,"column":0},"end":{"line":54,"column":45}}},"fnMap":{"0":{"name":"(anonymous_0)","decl":{"start":{"line":38,"column":17},"end":{"line":38,"column":18}},"loc":{"start":{"line":38,"column":31},"end":{"line":38,"column":33}},"line":38},"1":{"name":"(anonymous_1)","decl":{"start":{"line":41,"column":17},"end":{"line":41,"column":18}},"loc":{"start":{"line":41,"column":31},"end":{"line":47,"column":7}},"line":41}},"branchMap":{},"s":{"0":1,"1":1,"2":1,"3":10,"4":10,"5":10,"6":10,"7":1,"8":1},"f":{"0":0,"1":10},"b":{},"_coverageSchema":"1a1c01bbd47fc00a2c39e90264f33305004495a9","hash":"bfc9518d8347b4f6a670b32178e2afa0a886b61d"}
,"C:\\Users\\maxio\\Downloads\\+Programacion\\NODE.js\\PROYECTOS\\02-Control-Gastos-Personal-v2\\backend\\src\\model\\Payment.js": {"path":"C:\\Users\\maxio\\Downloads\\+Programacion\\NODE.js\\PROYECTOS\\02-Control-Gastos-Personal-v2\\backend\\src\\model\\Payment.js","statementMap":{"0":{"start":{"line":1,"column":17},"end":{"line":1,"column":36}},"1":{"start":{"line":2,"column":23},"end":{"line":2,"column":40}},"2":{"start":{"line":3,"column":15},"end":{"line":3,"column":30}},"3":{"start":{"line":5,"column":22},"end":{"line":103,"column":1}},"4":{"start":{"line":78,"column":10},"end":{"line":78,"column":35}},"5":{"start":{"line":95,"column":8},"end":{"line":95,"column":43}},"6":{"start":{"line":96,"column":8},"end":{"line":96,"column":29}},"7":{"start":{"line":97,"column":8},"end":{"line":97,"column":23}},"8":{"start":{"line":98,"column":8},"end":{"line":98,"column":28}},"9":{"start":{"line":106,"column":2},"end":{"line":108,"column":3}},"10":{"start":{"line":107,"column":4},"end":{"line":107,"column":40}},"11":{"start":{"line":110,"column":2},"end":{"line":110,"column":15}},"12":{"start":{"line":113,"column":0},"end":{"line":113,"column":58}}},"fnMap":{"0":{"name":"(anonymous_0)","decl":{"start":{"line":76,"column":19},"end":{"line":76,"column":20}},"loc":{"start":{"line":76,"column":30},"end":{"line":79,"column":9}},"line":76},"1":{"name":"(anonymous_1)","decl":{"start":{"line":90,"column":17},"end":{"line":90,"column":18}},"loc":{"start":{"line":90,"column":31},"end":{"line":90,"column":33}},"line":90},"2":{"name":"(anonymous_2)","decl":{"start":{"line":94,"column":17},"end":{"line":94,"column":18}},"loc":{"start":{"line":94,"column":31},"end":{"line":99,"column":7}},"line":94},"3":{"name":"getAmount","decl":{"start":{"line":105,"column":9},"end":{"line":105,"column":18}},"loc":{"start":{"line":105,"column":26},"end":{"line":111,"column":1}},"line":105}},"branchMap":{"0":{"loc":{"start":{"line":106,"column":2},"end":{"line":108,"column":3}},"type":"if","locations":[{"start":{"line":106,"column":2},"end":{"line":108,"column":3}},{"start":{},"end":{}}],"line":106}},"s":{"0":1,"1":1,"2":1,"3":1,"4":0,"5":0,"6":0,"7":0,"8":0,"9":0,"10":0,"11":0,"12":1},"f":{"0":0,"1":0,"2":0,"3":0},"b":{"0":[0,0]},"_coverageSchema":"1a1c01bbd47fc00a2c39e90264f33305004495a9","hash":"e35584dfec359fe5d56ed86724ee1ef387339462"}
,"C:\\Users\\maxio\\Downloads\\+Programacion\\NODE.js\\PROYECTOS\\02-Control-Gastos-Personal-v2\\backend\\src\\model\\Task.js": {"path":"C:\\Users\\maxio\\Downloads\\+Programacion\\NODE.js\\PROYECTOS\\02-Control-Gastos-Personal-v2\\backend\\src\\model\\Task.js","statementMap":{"0":{"start":{"line":1,"column":17},"end":{"line":1,"column":36}},"1":{"start":{"line":2,"column":15},"end":{"line":2,"column":30}},"2":{"start":{"line":4,"column":19},"end":{"line":48,"column":1}},"3":{"start":{"line":43,"column":8},"end":{"line":43,"column":23}},"4":{"start":{"line":50,"column":13},"end":{"line":50,"column":47}},"5":{"start":{"line":51,"column":0},"end":{"line":51,"column":38}}},"fnMap":{"0":{"name":"(anonymous_0)","decl":{"start":{"line":39,"column":17},"end":{"line":39,"column":18}},"loc":{"start":{"line":39,"column":31},"end":{"line":39,"column":33}},"line":39},"1":{"name":"(anonymous_1)","decl":{"start":{"line":42,"column":17},"end":{"line":42,"column":18}},"loc":{"start":{"line":42,"column":31},"end":{"line":45,"column":7}},"line":42}},"branchMap":{},"s":{"0":1,"1":1,"2":1,"3":0,"4":1,"5":1},"f":{"0":0,"1":0},"b":{},"_coverageSchema":"1a1c01bbd47fc00a2c39e90264f33305004495a9","hash":"39a78caf71ce74155a883231c3dddb9e54807cd3"}
,"C:\\Users\\maxio\\Downloads\\+Programacion\\NODE.js\\PROYECTOS\\02-Control-Gastos-Personal-v2\\backend\\src\\model\\TaskCode.js": {"path":"C:\\Users\\maxio\\Downloads\\+Programacion\\NODE.js\\PROYECTOS\\02-Control-Gastos-Personal-v2\\backend\\src\\model\\TaskCode.js","statementMap":{"0":{"start":{"line":1,"column":17},"end":{"line":1,"column":36}},"1":{"start":{"line":2,"column":15},"end":{"line":2,"column":30}},"2":{"start":{"line":4,"column":23},"end":{"line":44,"column":1}},"3":{"start":{"line":46,"column":17},"end":{"line":46,"column":59}},"4":{"start":{"line":47,"column":0},"end":{"line":47,"column":46}}},"fnMap":{"0":{"name":"(anonymous_0)","decl":{"start":{"line":34,"column":17},"end":{"line":34,"column":18}},"loc":{"start":{"line":34,"column":31},"end":{"line":34,"column":33}},"line":34},"1":{"name":"(anonymous_1)","decl":{"start":{"line":37,"column":17},"end":{"line":37,"column":18}},"loc":{"start":{"line":37,"column":31},"end":{"line":41,"column":7}},"line":37}},"branchMap":{},"s":{"0":1,"1":1,"2":1,"3":1,"4":1},"f":{"0":0,"1":0},"b":{},"_coverageSchema":"1a1c01bbd47fc00a2c39e90264f33305004495a9","hash":"4ebce4460bb97a8a1b6153e75d9336084cb98df8"}
,"C:\\Users\\maxio\\Downloads\\+Programacion\\NODE.js\\PROYECTOS\\02-Control-Gastos-Personal-v2\\backend\\src\\model\\User.js": {"path":"C:\\Users\\maxio\\Downloads\\+Programacion\\NODE.js\\PROYECTOS\\02-Control-Gastos-Personal-v2\\backend\\src\\model\\User.js","statementMap":{"0":{"start":{"line":1,"column":17},"end":{"line":1,"column":36}},"1":{"start":{"line":2,"column":15},"end":{"line":2,"column":30}},"2":{"start":{"line":4,"column":19},"end":{"line":68,"column":1}},"3":{"start":{"line":13,"column":12},"end":{"line":13,"column":130}},"4":{"start":{"line":14,"column":10},"end":{"line":14,"column":33}},"5":{"start":{"line":24,"column":10},"end":{"line":24,"column":34}},"6":{"start":{"line":34,"column":28},"end":{"line":34,"column":44}},"7":{"start":{"line":35,"column":10},"end":{"line":35,"column":41}},"8":{"start":{"line":62,"column":8},"end":{"line":62,"column":28}},"9":{"start":{"line":63,"column":8},"end":{"line":63,"column":29}},"10":{"start":{"line":64,"column":8},"end":{"line":64,"column":23}},"11":{"start":{"line":70,"column":13},"end":{"line":70,"column":47}},"12":{"start":{"line":71,"column":0},"end":{"line":71,"column":38}}},"fnMap":{"0":{"name":"(anonymous_0)","decl":{"start":{"line":11,"column":19},"end":{"line":11,"column":20}},"loc":{"start":{"line":11,"column":30},"end":{"line":15,"column":9}},"line":11},"1":{"name":"(anonymous_1)","decl":{"start":{"line":23,"column":19},"end":{"line":23,"column":20}},"loc":{"start":{"line":23,"column":30},"end":{"line":25,"column":9}},"line":23},"2":{"name":"(anonymous_2)","decl":{"start":{"line":33,"column":19},"end":{"line":33,"column":20}},"loc":{"start":{"line":33,"column":30},"end":{"line":36,"column":9}},"line":33},"3":{"name":"(anonymous_3)","decl":{"start":{"line":61,"column":17},"end":{"line":61,"column":18}},"loc":{"start":{"line":61,"column":31},"end":{"line":65,"column":7}},"line":61}},"branchMap":{},"s":{"0":1,"1":1,"2":1,"3":0,"4":0,"5":0,"6":0,"7":0,"8":0,"9":0,"10":0,"11":1,"12":1},"f":{"0":0,"1":0,"2":0,"3":0},"b":{},"_coverageSchema":"1a1c01bbd47fc00a2c39e90264f33305004495a9","hash":"931f84460227e3fb0fb5fcf0a6ca15841608a305"}
,"C:\\Users\\maxio\\Downloads\\+Programacion\\NODE.js\\PROYECTOS\\02-Control-Gastos-Personal-v2\\backend\\src\\routes\\auth.js": {"path":"C:\\Users\\maxio\\Downloads\\+Programacion\\NODE.js\\PROYECTOS\\02-Control-Gastos-Personal-v2\\backend\\src\\routes\\auth.js","statementMap":{"0":{"start":{"line":1,"column":16},"end":{"line":1,"column":34}},"1":{"start":{"line":2,"column":19},"end":{"line":2,"column":35}},"2":{"start":{"line":3,"column":23},"end":{"line":3,"column":63}},"3":{"start":{"line":4,"column":13},"end":{"line":4,"column":42}},"4":{"start":{"line":6,"column":0},"end":{"line":6,"column":54}},"5":{"start":{"line":8,"column":0},"end":{"line":8,"column":54}},"6":{"start":{"line":10,"column":0},"end":{"line":10,"column":62}},"7":{"start":{"line":12,"column":0},"end":{"line":12,"column":71}},"8":{"start":{"line":16,"column":0},"end":{"line":16,"column":28}}},"fnMap":{},"branchMap":{},"s":{"0":1,"1":1,"2":1,"3":1,"4":1,"5":1,"6":1,"7":1,"8":1},"f":{},"b":{},"_coverageSchema":"1a1c01bbd47fc00a2c39e90264f33305004495a9","hash":"73c26cd02e6b57327bea94fd1917307103b249e4"}
,"C:\\Users\\maxio\\Downloads\\+Programacion\\NODE.js\\PROYECTOS\\02-Control-Gastos-Personal-v2\\backend\\src\\routes\\root.js": {"path":"C:\\Users\\maxio\\Downloads\\+Programacion\\NODE.js\\PROYECTOS\\02-Control-Gastos-Personal-v2\\backend\\src\\routes\\root.js","statementMap":{"0":{"start":{"line":1,"column":16},"end":{"line":1,"column":34}},"1":{"start":{"line":2,"column":15},"end":{"line":2,"column":31}},"2":{"start":{"line":3,"column":13},"end":{"line":3,"column":28}},"3":{"start":{"line":5,"column":0},"end":{"line":7,"column":3}},"4":{"start":{"line":6,"column":4},"end":{"line":6,"column":68}},"5":{"start":{"line":9,"column":0},"end":{"line":9,"column":24}}},"fnMap":{"0":{"name":"(anonymous_0)","decl":{"start":{"line":5,"column":33},"end":{"line":5,"column":34}},"loc":{"start":{"line":5,"column":47},"end":{"line":7,"column":1}},"line":5}},"branchMap":{},"s":{"0":1,"1":1,"2":1,"3":1,"4":0,"5":1},"f":{"0":0},"b":{},"_coverageSchema":"1a1c01bbd47fc00a2c39e90264f33305004495a9","hash":"b63c24e6684c4a3dc68ab6c4e3f1815e9db7f70f"}
,"C:\\Users\\maxio\\Downloads\\+Programacion\\NODE.js\\PROYECTOS\\02-Control-Gastos-Personal-v2\\backend\\src\\routes\\api\\category.js": {"path":"C:\\Users\\maxio\\Downloads\\+Programacion\\NODE.js\\PROYECTOS\\02-Control-Gastos-Personal-v2\\backend\\src\\routes\\api\\category.js","statementMap":{"0":{"start":{"line":1,"column":16},"end":{"line":1,"column":34}},"1":{"start":{"line":2,"column":15},"end":{"line":2,"column":31}},"2":{"start":{"line":3,"column":27},"end":{"line":3,"column":74}},"3":{"start":{"line":4,"column":13},"end":{"line":4,"column":45}},"4":{"start":{"line":6,"column":0},"end":{"line":6,"column":71}},"5":{"start":{"line":8,"column":0},"end":{"line":8,"column":64}},"6":{"start":{"line":10,"column":0},"end":{"line":10,"column":24}}},"fnMap":{},"branchMap":{},"s":{"0":1,"1":1,"2":1,"3":1,"4":1,"5":1,"6":1},"f":{},"b":{},"_coverageSchema":"1a1c01bbd47fc00a2c39e90264f33305004495a9","hash":"d7065955d2d54b7a68609fb80d77125957b805c9"}
,"C:\\Users\\maxio\\Downloads\\+Programacion\\NODE.js\\PROYECTOS\\02-Control-Gastos-Personal-v2\\backend\\src\\routes\\api\\name.js": {"path":"C:\\Users\\maxio\\Downloads\\+Programacion\\NODE.js\\PROYECTOS\\02-Control-Gastos-Personal-v2\\backend\\src\\routes\\api\\name.js","statementMap":{"0":{"start":{"line":1,"column":16},"end":{"line":1,"column":34}},"1":{"start":{"line":2,"column":15},"end":{"line":2,"column":31}},"2":{"start":{"line":3,"column":24},"end":{"line":3,"column":74}},"3":{"start":{"line":4,"column":13},"end":{"line":4,"column":45}},"4":{"start":{"line":6,"column":0},"end":{"line":6,"column":57}},"5":{"start":{"line":8,"column":0},"end":{"line":8,"column":63}},"6":{"start":{"line":10,"column":0},"end":{"line":10,"column":60}},"7":{"start":{"line":12,"column":0},"end":{"line":12,"column":66}},"8":{"start":{"line":14,"column":0},"end":{"line":14,"column":72}},"9":{"start":{"line":16,"column":0},"end":{"line":16,"column":24}}},"fnMap":{},"branchMap":{},"s":{"0":1,"1":1,"2":1,"3":1,"4":1,"5":1,"6":1,"7":1,"8":1,"9":1},"f":{},"b":{},"_coverageSchema":"1a1c01bbd47fc00a2c39e90264f33305004495a9","hash":"f5ee4e33dd8adbc55bee22b3547be1b0cc6fa9d0"}
,"C:\\Users\\maxio\\Downloads\\+Programacion\\NODE.js\\PROYECTOS\\02-Control-Gastos-Personal-v2\\backend\\src\\routes\\api\\payment.js": {"path":"C:\\Users\\maxio\\Downloads\\+Programacion\\NODE.js\\PROYECTOS\\02-Control-Gastos-Personal-v2\\backend\\src\\routes\\api\\payment.js","statementMap":{"0":{"start":{"line":1,"column":16},"end":{"line":1,"column":34}},"1":{"start":{"line":2,"column":15},"end":{"line":2,"column":31}},"2":{"start":{"line":3,"column":27},"end":{"line":3,"column":81}},"3":{"start":{"line":4,"column":13},"end":{"line":4,"column":45}},"4":{"start":{"line":6,"column":0},"end":{"line":6,"column":85}},"5":{"start":{"line":7,"column":0},"end":{"line":7,"column":66}},"6":{"start":{"line":8,"column":0},"end":{"line":8,"column":69}},"7":{"start":{"line":9,"column":0},"end":{"line":11,"column":51}},"8":{"start":{"line":12,"column":0},"end":{"line":12,"column":77}},"9":{"start":{"line":13,"column":0},"end":{"line":15,"column":48}},"10":{"start":{"line":16,"column":0},"end":{"line":16,"column":75}},"11":{"start":{"line":17,"column":0},"end":{"line":17,"column":70}},"12":{"start":{"line":19,"column":0},"end":{"line":19,"column":24}}},"fnMap":{},"branchMap":{},"s":{"0":1,"1":1,"2":1,"3":1,"4":1,"5":1,"6":1,"7":1,"8":1,"9":1,"10":1,"11":1,"12":1},"f":{},"b":{},"_coverageSchema":"1a1c01bbd47fc00a2c39e90264f33305004495a9","hash":"a1fdb7eaa802016448ba239259255f2258b2c496"}
,"C:\\Users\\maxio\\Downloads\\+Programacion\\NODE.js\\PROYECTOS\\02-Control-Gastos-Personal-v2\\backend\\src\\routes\\api\\task.js": {"path":"C:\\Users\\maxio\\Downloads\\+Programacion\\NODE.js\\PROYECTOS\\02-Control-Gastos-Personal-v2\\backend\\src\\routes\\api\\task.js","statementMap":{"0":{"start":{"line":1,"column":16},"end":{"line":1,"column":34}},"1":{"start":{"line":2,"column":15},"end":{"line":2,"column":31}},"2":{"start":{"line":3,"column":23},"end":{"line":3,"column":66}},"3":{"start":{"line":4,"column":13},"end":{"line":4,"column":45}},"4":{"start":{"line":6,"column":0},"end":{"line":6,"column":62}},"5":{"start":{"line":9,"column":0},"end":{"line":9,"column":24}}},"fnMap":{},"branchMap":{},"s":{"0":1,"1":1,"2":1,"3":1,"4":1,"5":1},"f":{},"b":{},"_coverageSchema":"1a1c01bbd47fc00a2c39e90264f33305004495a9","hash":"f0dd5855577581cc5efcaddfabfc0f11b133863f"}
,"C:\\Users\\maxio\\Downloads\\+Programacion\\NODE.js\\PROYECTOS\\02-Control-Gastos-Personal-v2\\backend\\src\\routes\\api\\taskCode.js": {"path":"C:\\Users\\maxio\\Downloads\\+Programacion\\NODE.js\\PROYECTOS\\02-Control-Gastos-Personal-v2\\backend\\src\\routes\\api\\taskCode.js","statementMap":{"0":{"start":{"line":1,"column":16},"end":{"line":1,"column":34}},"1":{"start":{"line":2,"column":15},"end":{"line":2,"column":31}},"2":{"start":{"line":3,"column":27},"end":{"line":3,"column":74}},"3":{"start":{"line":4,"column":13},"end":{"line":4,"column":45}},"4":{"start":{"line":6,"column":0},"end":{"line":6,"column":70}},"5":{"start":{"line":8,"column":0},"end":{"line":8,"column":67}},"6":{"start":{"line":10,"column":0},"end":{"line":10,"column":24}}},"fnMap":{},"branchMap":{},"s":{"0":1,"1":1,"2":1,"3":1,"4":1,"5":1,"6":1},"f":{},"b":{},"_coverageSchema":"1a1c01bbd47fc00a2c39e90264f33305004495a9","hash":"4d90452b4f7422b559c4fa6480f2a8a8fce57291"}
,"C:\\Users\\maxio\\Downloads\\+Programacion\\NODE.js\\PROYECTOS\\02-Control-Gastos-Personal-v2\\backend\\src\\routes\\api\\user.js": {"path":"C:\\Users\\maxio\\Downloads\\+Programacion\\NODE.js\\PROYECTOS\\02-Control-Gastos-Personal-v2\\backend\\src\\routes\\api\\user.js","statementMap":{"0":{"start":{"line":1,"column":16},"end":{"line":1,"column":34}},"1":{"start":{"line":2,"column":15},"end":{"line":2,"column":31}},"2":{"start":{"line":3,"column":24},"end":{"line":3,"column":67}},"3":{"start":{"line":5,"column":0},"end":{"line":5,"column":51}},"4":{"start":{"line":7,"column":0},"end":{"line":7,"column":24}}},"fnMap":{},"branchMap":{},"s":{"0":1,"1":1,"2":1,"3":1,"4":1},"f":{},"b":{},"_coverageSchema":"1a1c01bbd47fc00a2c39e90264f33305004495a9","hash":"89f980c28ab85d2d943e58485d74d1df762f3114"}
,"C:\\Users\\maxio\\Downloads\\+Programacion\\NODE.js\\PROYECTOS\\02-Control-Gastos-Personal-v2\\backend\\src\\test\\helpers.index.js": {"path":"C:\\Users\\maxio\\Downloads\\+Programacion\\NODE.js\\PROYECTOS\\02-Control-Gastos-Personal-v2\\backend\\src\\test\\helpers.index.js","statementMap":{"0":{"start":{"line":1,"column":18},"end":{"line":1,"column":38}},"1":{"start":{"line":2,"column":16},"end":{"line":2,"column":35}},"2":{"start":{"line":3,"column":17},"end":{"line":3,"column":36}},"3":{"start":{"line":4,"column":19},"end":{"line":4,"column":38}},"4":{"start":{"line":5,"column":16},"end":{"line":5,"column":34}},"5":{"start":{"line":6,"column":15},"end":{"line":6,"column":24}},"6":{"start":{"line":8,"column":12},"end":{"line":8,"column":26}},"7":{"start":{"line":9,"column":15},"end":{"line":9,"column":32}},"8":{"start":{"line":12,"column":2},"end":{"line":12,"column":152}},"9":{"start":{"line":13,"column":16},"end":{"line":13,"column":42}},"10":{"start":{"line":15,"column":20},"end":{"line":18,"column":1}},"11":{"start":{"line":16,"column":2},"end":{"line":16,"column":30}},"12":{"start":{"line":17,"column":2},"end":{"line":17,"column":17}},"13":{"start":{"line":48,"column":0},"end":{"line":55,"column":2}}},"fnMap":{"0":{"name":"(anonymous_0)","decl":{"start":{"line":15,"column":20},"end":{"line":15,"column":21}},"loc":{"start":{"line":15,"column":26},"end":{"line":18,"column":1}},"line":15}},"branchMap":{},"s":{"0":1,"1":1,"2":1,"3":1,"4":1,"5":1,"6":1,"7":1,"8":1,"9":1,"10":1,"11":1,"12":1,"13":1},"f":{"0":1},"b":{},"_coverageSchema":"1a1c01bbd47fc00a2c39e90264f33305004495a9","hash":"ff39d92e02bba79bcbfaa27f1ff309dd66ded8f4"}
,"C:\\Users\\maxio\\Downloads\\+Programacion\\NODE.js\\PROYECTOS\\02-Control-Gastos-Personal-v2\\backend\\src\\test\\category\\helpers.category.js": {"path":"C:\\Users\\maxio\\Downloads\\+Programacion\\NODE.js\\PROYECTOS\\02-Control-Gastos-Personal-v2\\backend\\src\\test\\category\\helpers.category.js","statementMap":{"0":{"start":{"line":1,"column":21},"end":{"line":1,"column":52}},"1":{"start":{"line":2,"column":32},"end":{"line":2,"column":59}},"2":{"start":{"line":4,"column":26},"end":{"line":13,"column":1}},"3":{"start":{"line":15,"column":25},"end":{"line":25,"column":1}},"4":{"start":{"line":16,"column":19},"end":{"line":19,"column":31}},"5":{"start":{"line":21,"column":2},"end":{"line":24,"column":4}},"6":{"start":{"line":22,"column":43},"end":{"line":22,"column":56}},"7":{"start":{"line":27,"column":23},"end":{"line":41,"column":1}},"8":{"start":{"line":28,"column":22},"end":{"line":31,"column":3}},"9":{"start":{"line":33,"column":2},"end":{"line":37,"column":23}},"10":{"start":{"line":39,"column":19},"end":{"line":39,"column":69}},"11":{"start":{"line":40,"column":2},"end":{"line":40,"column":18}},"12":{"start":{"line":43,"column":0},"end":{"line":47,"column":2}}},"fnMap":{"0":{"name":"(anonymous_0)","decl":{"start":{"line":15,"column":25},"end":{"line":15,"column":26}},"loc":{"start":{"line":15,"column":37},"end":{"line":25,"column":1}},"line":15},"1":{"name":"(anonymous_1)","decl":{"start":{"line":22,"column":29},"end":{"line":22,"column":30}},"loc":{"start":{"line":22,"column":43},"end":{"line":22,"column":56}},"line":22},"2":{"name":"(anonymous_2)","decl":{"start":{"line":27,"column":23},"end":{"line":27,"column":24}},"loc":{"start":{"line":27,"column":35},"end":{"line":41,"column":1}},"line":27}},"branchMap":{},"s":{"0":1,"1":1,"2":1,"3":1,"4":0,"5":0,"6":0,"7":1,"8":0,"9":0,"10":0,"11":0,"12":1},"f":{"0":0,"1":0,"2":0},"b":{},"_coverageSchema":"1a1c01bbd47fc00a2c39e90264f33305004495a9","hash":"4dca5b9ac135d97c38f077c4c64f275f737c722e"}
,"C:\\Users\\maxio\\Downloads\\+Programacion\\NODE.js\\PROYECTOS\\02-Control-Gastos-Personal-v2\\backend\\src\\test\\name\\helpers.name.js": {"path":"C:\\Users\\maxio\\Downloads\\+Programacion\\NODE.js\\PROYECTOS\\02-Control-Gastos-Personal-v2\\backend\\src\\test\\name\\helpers.name.js","statementMap":{"0":{"start":{"line":1,"column":21},"end":{"line":1,"column":52}},"1":{"start":{"line":2,"column":17},"end":{"line":2,"column":51}},"2":{"start":{"line":3,"column":21},"end":{"line":3,"column":52}},"3":{"start":{"line":4,"column":30},"end":{"line":4,"column":69}},"4":{"start":{"line":5,"column":32},"end":{"line":5,"column":59}},"5":{"start":{"line":6,"column":29},"end":{"line":6,"column":68}},"6":{"start":{"line":8,"column":20},"end":{"line":18,"column":1}},"7":{"start":{"line":9,"column":19},"end":{"line":12,"column":31}},"8":{"start":{"line":14,"column":2},"end":{"line":17,"column":4}},"9":{"start":{"line":15,"column":39},"end":{"line":15,"column":48}},"10":{"start":{"line":20,"column":22},"end":{"line":37,"column":1}},"11":{"start":{"line":21,"column":18},"end":{"line":26,"column":3}},"12":{"start":{"line":28,"column":2},"end":{"line":32,"column":19}},"13":{"start":{"line":34,"column":19},"end":{"line":34,"column":61}},"14":{"start":{"line":36,"column":2},"end":{"line":36,"column":18}},"15":{"start":{"line":39,"column":31},"end":{"line":61,"column":1}},"16":{"start":{"line":40,"column":19},"end":{"line":42,"column":4}},"17":{"start":{"line":43,"column":19},"end":{"line":43,"column":77}},"18":{"start":{"line":45,"column":18},"end":{"line":50,"column":3}},"19":{"start":{"line":52,"column":2},"end":{"line":56,"column":19}},"20":{"start":{"line":58,"column":15},"end":{"line":58,"column":57}},"21":{"start":{"line":60,"column":2},"end":{"line":60,"column":38}},"22":{"start":{"line":63,"column":0},"end":{"line":63,"column":72}}},"fnMap":{"0":{"name":"(anonymous_0)","decl":{"start":{"line":8,"column":20},"end":{"line":8,"column":21}},"loc":{"start":{"line":8,"column":32},"end":{"line":18,"column":1}},"line":8},"1":{"name":"(anonymous_1)","decl":{"start":{"line":15,"column":29},"end":{"line":15,"column":30}},"loc":{"start":{"line":15,"column":39},"end":{"line":15,"column":48}},"line":15},"2":{"name":"(anonymous_2)","decl":{"start":{"line":20,"column":22},"end":{"line":20,"column":23}},"loc":{"start":{"line":20,"column":56},"end":{"line":37,"column":1}},"line":20},"3":{"name":"(anonymous_3)","decl":{"start":{"line":39,"column":31},"end":{"line":39,"column":32}},"loc":{"start":{"line":39,"column":43},"end":{"line":61,"column":1}},"line":39}},"branchMap":{},"s":{"0":1,"1":1,"2":1,"3":1,"4":1,"5":1,"6":1,"7":8,"8":8,"9":6,"10":1,"11":1,"12":1,"13":1,"14":1,"15":1,"16":8,"17":8,"18":8,"19":8,"20":8,"21":8,"22":1},"f":{"0":8,"1":6,"2":1,"3":8},"b":{},"_coverageSchema":"1a1c01bbd47fc00a2c39e90264f33305004495a9","hash":"abfafae788dffa8c0914afc659885a20e8e636d7"}
,"C:\\Users\\maxio\\Downloads\\+Programacion\\NODE.js\\PROYECTOS\\02-Control-Gastos-Personal-v2\\backend\\src\\test\\taskCode\\helpers.taskcode.js": {"path":"C:\\Users\\maxio\\Downloads\\+Programacion\\NODE.js\\PROYECTOS\\02-Control-Gastos-Personal-v2\\backend\\src\\test\\taskCode\\helpers.taskcode.js","statementMap":{"0":{"start":{"line":1,"column":21},"end":{"line":1,"column":52}},"1":{"start":{"line":2,"column":32},"end":{"line":2,"column":59}},"2":{"start":{"line":4,"column":25},"end":{"line":17,"column":1}},"3":{"start":{"line":19,"column":24},"end":{"line":29,"column":1}},"4":{"start":{"line":20,"column":19},"end":{"line":23,"column":31}},"5":{"start":{"line":25,"column":2},"end":{"line":28,"column":4}},"6":{"start":{"line":26,"column":39},"end":{"line":26,"column":48}},"7":{"start":{"line":31,"column":23},"end":{"line":45,"column":1}},"8":{"start":{"line":32,"column":22},"end":{"line":35,"column":3}},"9":{"start":{"line":37,"column":2},"end":{"line":41,"column":23}},"10":{"start":{"line":43,"column":19},"end":{"line":43,"column":69}},"11":{"start":{"line":44,"column":2},"end":{"line":44,"column":18}},"12":{"start":{"line":47,"column":0},"end":{"line":51,"column":2}}},"fnMap":{"0":{"name":"(anonymous_0)","decl":{"start":{"line":19,"column":24},"end":{"line":19,"column":25}},"loc":{"start":{"line":19,"column":36},"end":{"line":29,"column":1}},"line":19},"1":{"name":"(anonymous_1)","decl":{"start":{"line":26,"column":29},"end":{"line":26,"column":30}},"loc":{"start":{"line":26,"column":39},"end":{"line":26,"column":48}},"line":26},"2":{"name":"(anonymous_2)","decl":{"start":{"line":31,"column":23},"end":{"line":31,"column":24}},"loc":{"start":{"line":31,"column":35},"end":{"line":45,"column":1}},"line":31}},"branchMap":{},"s":{"0":1,"1":1,"2":1,"3":1,"4":0,"5":0,"6":0,"7":1,"8":0,"9":0,"10":0,"11":0,"12":1},"f":{"0":0,"1":0,"2":0},"b":{},"_coverageSchema":"1a1c01bbd47fc00a2c39e90264f33305004495a9","hash":"ef109e187eaad33b925d5d28082d038656608250"}
}
