TN:
SF:src\index.js
FN:57,(anonymous_0)
FN:75,(anonymous_1)
FNF:2
FNH:1
FNDA:0,(anonymous_0)
FNDA:1,(anonymous_1)
DA:1,1
DA:2,1
DA:3,1
DA:4,1
DA:5,1
DA:6,1
DA:7,1
DA:8,1
DA:9,1
DA:10,1
DA:11,1
DA:12,1
DA:13,1
DA:14,1
DA:15,1
DA:21,1
DA:31,1
DA:34,1
DA:37,1
DA:42,1
DA:45,1
DA:47,1
DA:48,1
DA:49,1
DA:50,1
DA:51,1
DA:52,1
DA:53,1
DA:57,1
DA:58,0
DA:59,0
DA:60,0
DA:61,0
DA:62,0
DA:64,0
DA:68,1
DA:75,1
DA:76,1
DA:91,1
LF:39
LH:33
BRDA:15,0,0,1
BRDA:15,0,1,0
BRDA:59,1,0,0
BRDA:59,1,1,0
BRDA:61,2,0,0
BRDA:61,2,1,0
BRF:6
BRH:1
end_of_record
TN:
SF:src\config\allowedOrigins.js
FNF:0
FNH:0
DA:1,1
DA:5,1
LF:2
LH:2
BRF:0
BRH:0
end_of_record
TN:
SF:src\config\corsOptions.js
FN:4,(anonymous_0)
FNF:1
FNH:1
FNDA:37,(anonymous_0)
DA:1,1
DA:3,1
DA:5,37
DA:6,37
DA:8,0
DA:14,1
LF:6
LH:5
BRDA:5,0,0,37
BRDA:5,0,1,0
BRDA:5,1,0,37
BRDA:5,1,1,37
BRF:4
BRH:3
end_of_record
TN:
SF:src\config\dbConn.js
FN:10,(anonymous_0)
FN:22,(anonymous_1)
FNF:2
FNH:1
FNDA:0,(anonymous_0)
FNDA:1,(anonymous_1)
DA:1,1
DA:6,1
DA:8,1
DA:10,1
DA:11,0
DA:13,0
DA:18,0
DA:22,1
DA:23,1
DA:24,1
DA:29,0
DA:33,1
LF:12
LH:8
BRF:0
BRH:0
end_of_record
TN:
SF:src\controllers\authController.js
FN:6,(anonymous_0)
FN:36,(anonymous_1)
FN:60,(anonymous_2)
FN:78,(anonymous_3)
FNF:4
FNH:0
FNDA:0,(anonymous_0)
FNDA:0,(anonymous_1)
FNDA:0,(anonymous_2)
FNDA:0,(anonymous_3)
DA:1,1
DA:2,1
DA:3,1
DA:6,1
DA:7,0
DA:8,0
DA:10,0
DA:11,0
DA:12,0
DA:17,0
DA:18,0
DA:21,0
DA:23,0
DA:28,0
DA:29,0
DA:31,0
DA:36,1
DA:37,0
DA:38,0
DA:40,0
DA:41,0
DA:42,0
DA:47,0
DA:48,0
DA:49,0
DA:52,0
DA:53,0
DA:55,0
DA:60,1
DA:61,0
DA:62,0
DA:63,0
DA:65,0
DA:66,0
DA:68,0
DA:69,0
DA:71,0
DA:73,0
DA:78,1
DA:79,0
DA:80,0
DA:84,1
LF:42
LH:8
BRDA:11,0,0,0
BRDA:11,0,1,0
BRDA:17,1,0,0
BRDA:17,1,1,0
BRDA:41,2,0,0
BRDA:41,2,1,0
BRDA:48,3,0,0
BRDA:48,3,1,0
BRDA:63,4,0,0
BRDA:63,4,1,0
BRDA:66,5,0,0
BRDA:66,5,1,0
BRDA:69,6,0,0
BRDA:69,6,1,0
BRF:14
BRH:0
end_of_record
TN:
SF:src\controllers\categoryController.js
FN:9,(anonymous_0)
FN:45,(anonymous_1)
FNF:2
FNH:0
FNDA:0,(anonymous_0)
FNDA:0,(anonymous_1)
DA:1,1
DA:9,1
DA:10,0
DA:12,0
DA:14,0
DA:15,0
DA:19,0
DA:23,0
DA:24,0
DA:28,0
DA:32,0
DA:34,0
DA:36,0
DA:45,1
DA:46,0
DA:48,0
DA:49,0
DA:51,0
DA:55,1
LF:19
LH:4
BRDA:14,0,0,0
BRDA:14,0,1,0
BRDA:23,1,0,0
BRDA:23,1,1,0
BRF:4
BRH:0
end_of_record
TN:
SF:src\controllers\namePaymentController.js
FN:13,(anonymous_0)
FN:93,(anonymous_1)
FN:135,(anonymous_2)
FN:168,(anonymous_3)
FN:235,(anonymous_4)
FNF:5
FNH:5
FNDA:16,(anonymous_0)
FNDA:2,(anonymous_1)
FNDA:8,(anonymous_2)
FNDA:6,(anonymous_3)
FNDA:5,(anonymous_4)
DA:1,1
DA:2,1
DA:3,1
DA:4,1
DA:5,1
DA:13,1
DA:14,16
DA:16,16
DA:19,16
DA:24,16
DA:25,1
DA:31,15
DA:36,15
DA:37,1
DA:41,14
DA:42,1
DA:48,13
DA:49,13
DA:50,1
DA:56,12
DA:57,13
DA:62,13
DA:63,1
DA:70,11
DA:78,11
DA:81,10
DA:83,1
DA:93,1
DA:94,2
DA:96,2
DA:98,2
DA:123,1
DA:125,1
DA:135,1
DA:136,8
DA:137,8
DA:156,8
DA:158,0
DA:168,1
DA:169,6
DA:171,6
DA:172,6
DA:175,6
DA:180,5
DA:181,1
DA:185,4
DA:190,4
DA:191,1
DA:195,3
DA:196,1
DA:202,2
DA:203,2
DA:208,2
DA:209,1
DA:216,1
DA:217,1
DA:218,1
DA:221,1
DA:223,1
DA:225,1
DA:235,1
DA:236,5
DA:238,5
DA:241,5
DA:246,4
DA:247,2
DA:253,2
DA:256,2
DA:259,2
DA:261,1
DA:265,1
LF:71
LH:70
BRDA:24,0,0,1
BRDA:24,0,1,15
BRDA:36,1,0,1
BRDA:36,1,1,14
BRDA:41,2,0,1
BRDA:41,2,1,13
BRDA:49,3,0,1
BRDA:49,3,1,12
BRDA:62,4,0,1
BRDA:62,4,1,12
BRDA:180,5,0,1
BRDA:180,5,1,4
BRDA:190,6,0,1
BRDA:190,6,1,3
BRDA:195,7,0,1
BRDA:195,7,1,2
BRDA:208,8,0,1
BRDA:208,8,1,1
BRDA:246,9,0,2
BRDA:246,9,1,2
BRF:20
BRH:20
end_of_record
TN:
SF:src\controllers\taskCodeController.js
FN:8,(anonymous_0)
FN:22,(anonymous_1)
FNF:2
FNH:0
FNDA:0,(anonymous_0)
FNDA:0,(anonymous_1)
DA:1,1
DA:8,1
DA:9,0
DA:10,0
DA:11,0
DA:13,0
DA:22,1
DA:23,0
DA:24,0
DA:26,0
DA:27,0
DA:28,0
DA:29,0
DA:32,0
DA:37,0
DA:38,0
DA:43,0
DA:50,0
DA:52,0
DA:54,0
DA:58,1
LF:21
LH:4
BRDA:28,0,0,0
BRDA:28,0,1,0
BRDA:37,1,0,0
BRDA:37,1,1,0
BRF:4
BRH:0
end_of_record
TN:
SF:src\controllers\taskController.js
FN:4,(anonymous_0)
FNF:1
FNH:0
FNDA:0,(anonymous_0)
DA:1,1
DA:4,1
DA:5,0
DA:6,0
DA:7,0
DA:8,0
DA:9,0
DA:11,0
DA:15,1
LF:9
LH:3
BRDA:7,0,0,0
BRDA:7,0,1,0
BRF:2
BRH:0
end_of_record
TN:
SF:src\controllers\userController.js
FN:5,(anonymous_0)
FNF:1
FNH:0
FNDA:0,(anonymous_0)
DA:1,1
DA:2,1
DA:5,1
DA:6,0
DA:7,0
DA:8,0
DA:13,0
DA:14,0
DA:17,0
DA:19,0
DA:23,0
DA:25,0
DA:187,1
LF:13
LH:4
BRDA:7,0,0,0
BRDA:7,0,1,0
BRDA:7,1,0,0
BRDA:7,1,1,0
BRDA:14,2,0,0
BRDA:14,2,1,0
BRF:6
BRH:0
end_of_record
TN:
SF:src\controllers\payment\helpers.js
FN:1,(anonymous_0)
FN:10,(anonymous_1)
FN:19,(anonymous_2)
FNF:3
FNH:0
FNDA:0,(anonymous_0)
FNDA:0,(anonymous_1)
FNDA:0,(anonymous_2)
DA:1,1
DA:2,0
DA:3,0
DA:4,0
DA:7,0
DA:10,1
DA:11,0
DA:12,0
DA:13,0
DA:16,0
DA:19,1
DA:20,0
DA:22,0
DA:24,0
DA:27,0
DA:28,0
DA:31,1
LF:17
LH:4
BRDA:13,0,0,0
BRDA:13,0,1,0
BRF:2
BRH:0
end_of_record
TN:
SF:src\controllers\payment\paymentController.js
FN:20,(anonymous_0)
FN:125,(anonymous_1)
FN:211,(anonymous_2)
FN:313,(anonymous_3)
FN:411,(anonymous_4)
FN:464,(anonymous_5)
FN:477,(anonymous_6)
FN:522,(anonymous_7)
FN:543,(anonymous_8)
FN:588,(anonymous_9)
FN:621,(anonymous_10)
FNF:11
FNH:0
FNDA:0,(anonymous_0)
FNDA:0,(anonymous_1)
FNDA:0,(anonymous_2)
FNDA:0,(anonymous_3)
FNDA:0,(anonymous_4)
FNDA:0,(anonymous_5)
FNDA:0,(anonymous_6)
FNDA:0,(anonymous_7)
FNDA:0,(anonymous_8)
FNDA:0,(anonymous_9)
FNDA:0,(anonymous_10)
DA:1,1
DA:2,1
DA:3,1
DA:4,1
DA:5,1
DA:6,1
DA:11,1
DA:12,1
DA:20,1
DA:21,0
DA:23,0
DA:26,0
DA:113,0
DA:115,0
DA:125,1
DA:126,0
DA:128,0
DA:131,0
DA:132,0
DA:133,0
DA:139,0
DA:140,0
DA:142,0
DA:144,0
DA:148,0
DA:149,0
DA:152,0
DA:158,0
DA:159,0
DA:166,0
DA:167,0
DA:168,0
DA:171,0
DA:178,0
DA:179,0
DA:180,0
DA:185,0
DA:188,0
DA:193,0
DA:195,0
DA:199,0
DA:201,0
DA:211,1
DA:212,0
DA:214,0
DA:301,0
DA:303,0
DA:313,1
DA:314,0
DA:316,0
DA:399,0
DA:401,0
DA:411,1
DA:412,0
DA:414,0
DA:415,0
DA:418,0
DA:419,0
DA:420,0
DA:424,0
DA:430,0
DA:431,0
DA:436,0
DA:437,0
DA:438,0
DA:441,0
DA:442,0
DA:443,0
DA:449,0
DA:450,0
DA:451,0
DA:452,0
DA:459,0
DA:460,0
DA:463,0
DA:464,0
DA:465,0
DA:466,0
DA:468,0
DA:473,0
DA:476,0
DA:477,0
DA:478,0
DA:483,0
DA:486,0
DA:487,0
DA:495,0
DA:496,0
DA:497,0
DA:498,0
DA:504,0
DA:505,0
DA:506,0
DA:508,0
DA:510,0
DA:512,0
DA:522,1
DA:523,0
DA:525,0
DA:526,0
DA:529,0
DA:535,0
DA:536,0
DA:543,0
DA:544,0
DA:545,0
DA:551,0
DA:552,0
DA:554,0
DA:556,0
DA:557,0
DA:558,0
DA:561,0
DA:569,0
DA:570,0
DA:571,0
DA:574,0
DA:576,0
DA:578,0
DA:588,1
DA:589,0
DA:591,0
DA:594,0
DA:599,0
DA:600,0
DA:604,0
DA:607,0
DA:609,0
DA:611,0
DA:621,1
DA:622,0
DA:623,0
DA:662,0
DA:664,0
DA:665,0
DA:666,0
DA:667,0
DA:669,0
DA:670,0
DA:686,0
DA:688,0
DA:692,1
LF:142
LH:17
BRDA:132,0,0,0
BRDA:132,0,1,0
BRDA:148,1,0,0
BRDA:148,1,1,0
BRDA:158,2,0,0
BRDA:158,2,1,0
BRDA:158,3,0,0
BRDA:158,3,1,0
BRDA:166,4,0,0
BRDA:166,4,1,0
BRDA:166,5,0,0
BRDA:166,5,1,0
BRDA:178,6,0,0
BRDA:178,6,1,0
BRDA:419,7,0,0
BRDA:419,7,1,0
BRDA:430,8,0,0
BRDA:430,8,1,0
BRDA:442,9,0,0
BRDA:442,9,1,0
BRDA:451,10,0,0
BRDA:451,10,1,0
BRDA:465,11,0,0
BRDA:465,11,1,0
BRDA:477,12,0,0
BRDA:477,12,1,0
BRDA:497,13,0,0
BRDA:497,13,1,0
BRDA:535,14,0,0
BRDA:535,14,1,0
BRDA:544,15,0,0
BRDA:544,15,1,0
BRDA:552,16,0,0
BRDA:552,16,1,0
BRDA:554,17,0,0
BRDA:554,17,1,0
BRDA:556,18,0,0
BRDA:556,18,1,0
BRDA:571,19,0,0
BRDA:571,19,1,0
BRDA:599,20,0,0
BRDA:599,20,1,0
BRDA:664,21,0,0
BRDA:664,21,1,0
BRDA:669,22,0,0
BRDA:669,22,1,0
BRDA:669,23,0,0
BRDA:669,23,1,0
BRF:48
BRH:0
end_of_record
TN:
SF:src\helpers\functions.js
FN:4,(anonymous_0)
FNF:1
FNH:0
FNDA:0,(anonymous_0)
DA:1,1
DA:4,1
DA:5,0
DA:7,0
DA:8,0
DA:9,0
DA:11,0
DA:12,0
DA:14,0
DA:18,0
DA:38,1
LF:11
LH:3
BRDA:8,0,0,0
BRDA:8,0,1,0
BRF:2
BRH:0
end_of_record
TN:
SF:src\middleware\auth.js
FN:3,(anonymous_0)
FNF:1
FNH:1
FNDA:37,(anonymous_0)
DA:1,1
DA:3,1
DA:4,37
DA:5,37
DA:6,37
DA:7,0
DA:9,37
DA:10,37
DA:11,0
DA:16,37
DA:17,37
DA:18,37
DA:20,0
DA:24,1
LF:14
LH:11
BRDA:6,0,0,0
BRDA:6,0,1,37
BRDA:10,1,0,0
BRDA:10,1,1,37
BRF:4
BRH:2
end_of_record
TN:
SF:src\middleware\credentials.js
FN:3,(anonymous_0)
FNF:1
FNH:0
FNDA:0,(anonymous_0)
DA:1,1
DA:3,1
DA:4,0
DA:5,0
DA:6,0
DA:8,0
DA:11,1
LF:7
LH:3
BRDA:5,0,0,0
BRDA:5,0,1,0
BRF:2
BRH:0
end_of_record
TN:
SF:src\middleware\errorHandler.js
FN:3,(anonymous_0)
FNF:1
FNH:0
FNDA:0,(anonymous_0)
DA:1,1
DA:3,1
DA:4,0
DA:5,0
DA:6,0
DA:9,1
LF:6
LH:3
BRF:0
BRH:0
end_of_record
TN:
SF:src\middleware\logEvents.js
FN:8,(anonymous_0)
FN:23,(anonymous_1)
FNF:2
FNH:0
FNDA:0,(anonymous_0)
FNDA:0,(anonymous_1)
DA:1,1
DA:2,1
DA:4,1
DA:5,1
DA:6,1
DA:8,1
DA:9,0
DA:10,0
DA:12,0
DA:13,0
DA:14,0
DA:17,0
DA:19,0
DA:23,1
DA:24,0
DA:25,0
DA:26,0
DA:29,1
LF:18
LH:8
BRDA:13,0,0,0
BRDA:13,0,1,0
BRF:2
BRH:0
end_of_record
TN:
SF:src\middleware\verifyJWT.js
FN:3,(anonymous_0)
FN:11,(anonymous_1)
FNF:2
FNH:0
FNDA:0,(anonymous_0)
FNDA:0,(anonymous_1)
DA:1,1
DA:3,1
DA:4,0
DA:5,0
DA:6,0
DA:7,0
DA:8,0
DA:12,0
DA:13,0
DA:14,0
DA:15,0
DA:20,1
LF:12
LH:3
BRDA:4,0,0,0
BRDA:4,0,1,0
BRDA:5,1,0,0
BRDA:5,1,1,0
BRDA:12,2,0,0
BRDA:12,2,1,0
BRF:6
BRH:0
end_of_record
TN:
SF:src\model\Category.js
FN:25,(anonymous_0)
FN:28,(anonymous_1)
FNF:2
FNH:0
FNDA:0,(anonymous_0)
FNDA:0,(anonymous_1)
DA:1,1
DA:2,1
DA:4,1
DA:37,1
DA:38,1
LF:5
LH:5
BRF:0
BRH:0
end_of_record
TN:
SF:src\model\NamePayment.js
FN:38,(anonymous_0)
FN:41,(anonymous_1)
FNF:2
FNH:1
FNDA:0,(anonymous_0)
FNDA:10,(anonymous_1)
DA:1,1
DA:2,1
DA:4,1
DA:42,10
DA:43,10
DA:44,10
DA:45,10
DA:53,1
DA:54,1
LF:9
LH:9
BRF:0
BRH:0
end_of_record
TN:
SF:src\model\Payment.js
FN:76,(anonymous_0)
FN:90,(anonymous_1)
FN:94,(anonymous_2)
FN:105,getAmount
FNF:4
FNH:0
FNDA:0,(anonymous_0)
FNDA:0,(anonymous_1)
FNDA:0,(anonymous_2)
FNDA:0,getAmount
DA:1,1
DA:2,1
DA:3,1
DA:5,1
DA:78,0
DA:95,0
DA:96,0
DA:97,0
DA:98,0
DA:106,0
DA:107,0
DA:110,0
DA:113,1
LF:13
LH:5
BRDA:106,0,0,0
BRDA:106,0,1,0
BRF:2
BRH:0
end_of_record
TN:
SF:src\model\Task.js
FN:39,(anonymous_0)
FN:42,(anonymous_1)
FNF:2
FNH:0
FNDA:0,(anonymous_0)
FNDA:0,(anonymous_1)
DA:1,1
DA:2,1
DA:4,1
DA:43,0
DA:50,1
DA:51,1
LF:6
LH:5
BRF:0
BRH:0
end_of_record
TN:
SF:src\model\TaskCode.js
FN:34,(anonymous_0)
FN:37,(anonymous_1)
FNF:2
FNH:0
FNDA:0,(anonymous_0)
FNDA:0,(anonymous_1)
DA:1,1
DA:2,1
DA:4,1
DA:46,1
DA:47,1
LF:5
LH:5
BRF:0
BRH:0
end_of_record
TN:
SF:src\model\User.js
FN:11,(anonymous_0)
FN:23,(anonymous_1)
FN:33,(anonymous_2)
FN:61,(anonymous_3)
FNF:4
FNH:0
FNDA:0,(anonymous_0)
FNDA:0,(anonymous_1)
FNDA:0,(anonymous_2)
FNDA:0,(anonymous_3)
DA:1,1
DA:2,1
DA:4,1
DA:13,0
DA:14,0
DA:24,0
DA:34,0
DA:35,0
DA:62,0
DA:63,0
DA:64,0
DA:70,1
DA:71,1
LF:13
LH:5
BRF:0
BRH:0
end_of_record
TN:
SF:src\routes\auth.js
FNF:0
FNH:0
DA:1,1
DA:2,1
DA:3,1
DA:4,1
DA:6,1
DA:8,1
DA:10,1
DA:12,1
DA:16,1
LF:9
LH:9
BRF:0
BRH:0
end_of_record
TN:
SF:src\routes\root.js
FN:5,(anonymous_0)
FNF:1
FNH:0
FNDA:0,(anonymous_0)
DA:1,1
DA:2,1
DA:3,1
DA:5,1
DA:6,0
DA:9,1
LF:6
LH:5
BRF:0
BRH:0
end_of_record
TN:
SF:src\routes\api\category.js
FNF:0
FNH:0
DA:1,1
DA:2,1
DA:3,1
DA:4,1
DA:6,1
DA:8,1
DA:10,1
LF:7
LH:7
BRF:0
BRH:0
end_of_record
TN:
SF:src\routes\api\name.js
FNF:0
FNH:0
DA:1,1
DA:2,1
DA:3,1
DA:4,1
DA:6,1
DA:8,1
DA:10,1
DA:12,1
DA:14,1
DA:16,1
LF:10
LH:10
BRF:0
BRH:0
end_of_record
TN:
SF:src\routes\api\payment.js
FNF:0
FNH:0
DA:1,1
DA:2,1
DA:3,1
DA:4,1
DA:6,1
DA:7,1
DA:8,1
DA:9,1
DA:12,1
DA:13,1
DA:16,1
DA:17,1
DA:19,1
LF:13
LH:13
BRF:0
BRH:0
end_of_record
TN:
SF:src\routes\api\task.js
FNF:0
FNH:0
DA:1,1
DA:2,1
DA:3,1
DA:4,1
DA:6,1
DA:9,1
LF:6
LH:6
BRF:0
BRH:0
end_of_record
TN:
SF:src\routes\api\taskCode.js
FNF:0
FNH:0
DA:1,1
DA:2,1
DA:3,1
DA:4,1
DA:6,1
DA:8,1
DA:10,1
LF:7
LH:7
BRF:0
BRH:0
end_of_record
TN:
SF:src\routes\api\user.js
FNF:0
FNH:0
DA:1,1
DA:2,1
DA:3,1
DA:5,1
DA:7,1
LF:5
LH:5
BRF:0
BRH:0
end_of_record
TN:
SF:src\test\helpers.index.js
FN:15,(anonymous_0)
FNF:1
FNH:1
FNDA:1,(anonymous_0)
DA:1,1
DA:2,1
DA:3,1
DA:4,1
DA:5,1
DA:6,1
DA:8,1
DA:9,1
DA:12,1
DA:13,1
DA:15,1
DA:16,1
DA:17,1
DA:48,1
LF:14
LH:14
BRF:0
BRH:0
end_of_record
TN:
SF:src\test\category\helpers.category.js
FN:15,(anonymous_0)
FN:22,(anonymous_1)
FN:27,(anonymous_2)
FNF:3
FNH:0
FNDA:0,(anonymous_0)
FNDA:0,(anonymous_1)
FNDA:0,(anonymous_2)
DA:1,1
DA:2,1
DA:4,1
DA:15,1
DA:16,0
DA:21,0
DA:22,0
DA:27,1
DA:28,0
DA:33,0
DA:39,0
DA:40,0
DA:43,1
LF:13
LH:6
BRF:0
BRH:0
end_of_record
TN:
SF:src\test\name\helpers.name.js
FN:8,(anonymous_0)
FN:15,(anonymous_1)
FN:20,(anonymous_2)
FN:39,(anonymous_3)
FNF:4
FNH:4
FNDA:8,(anonymous_0)
FNDA:6,(anonymous_1)
FNDA:1,(anonymous_2)
FNDA:8,(anonymous_3)
DA:1,1
DA:2,1
DA:3,1
DA:4,1
DA:5,1
DA:6,1
DA:8,1
DA:9,8
DA:14,8
DA:15,6
DA:20,1
DA:21,1
DA:28,1
DA:34,1
DA:36,1
DA:39,1
DA:40,8
DA:43,8
DA:45,8
DA:52,8
DA:58,8
DA:60,8
DA:63,1
LF:23
LH:23
BRF:0
BRH:0
end_of_record
TN:
SF:src\test\taskCode\helpers.taskcode.js
FN:19,(anonymous_0)
FN:26,(anonymous_1)
FN:31,(anonymous_2)
FNF:3
FNH:0
FNDA:0,(anonymous_0)
FNDA:0,(anonymous_1)
FNDA:0,(anonymous_2)
DA:1,1
DA:2,1
DA:4,1
DA:19,1
DA:20,0
DA:25,0
DA:26,0
DA:31,1
DA:32,0
DA:37,0
DA:43,0
DA:44,0
DA:47,1
LF:13
LH:6
BRF:0
BRH:0
end_of_record
